<?xml version="1.0" encoding="UTF-8"?>
<testsuites name="SFDC-TestSuite" time="724" tests="3" failures="0" errors="0">
   <testsuite name="SFDC-TestSuite" tests="3" failures="0" errors="0" time="724" timestamp="2018-12-09 09:54:20" hostname="VarunSubrayaYadapadithaya - localhost" id="Test Suites/SFDC-TestSuite">
      <properties>
         <property name="deviceName" value=""/>
         <property name="devicePlatform" value=""/>
         <property name="logFolder" value="/Users/VarunSubrayaYadapadithaya/Desktop/Varun/Work/eclipse workspaces/SalesforceAutomation/Reports/SFDC-TestSuite/20181209_095407"/>
         <property name="logFiles" value="/Users/VarunSubrayaYadapadithaya/Desktop/Varun/Work/eclipse workspaces/SalesforceAutomation/Reports/SFDC-TestSuite/20181209_095407/execution0.log"/>
         <property name="attachments" value=""/>
         <property name="hostName" value="VarunSubrayaYadapadithaya - localhost"/>
         <property name="os" value="Mac OS X 64bit"/>
         <property name="katalonVersion" value="5.9.1.2"/>
         <property name="browser" value="Chrome 70.0.3538.110"/>
         <property name="hostAddress" value="127.0.0.1"/>
         <property name="sessionId" value="9d2e87f1d76bed337e761b6894ee3d94"/>
         <property name="seleniumVersion" value="3.7.1"/>
         <property name="proxyInformation" value="ProxyInformation{proxyOption=NO_PROXY, proxyServerType=HTTP, password=, proxyServerAddress=, proxyServerPort=0}"/>
         <property name="platform" value="Mac OS X"/>
      </properties>
      <testcase name="Test Cases/TC-001" classname="Test Cases/TC-001" status="PASSED">
         <system-out><![CDATA[2018-12-09 09:54:20 - [TEST_CASE][PASSED] - Test Cases/TC-001: Test Cases/TC-001

2018-12-09 09:54:22 - [TEST_STEP][PASSED] - openBrowser(""): Browser is opened with url: ''

2018-12-09 09:54:22 - [MESSAGE][INFO] - Starting 'Chrome' driver

2018-12-09 09:54:22 - [MESSAGE][INFO] - Action delay is set to 0 seconds

2018-12-09 09:54:26 - [MESSAGE][PASSED] - Browser is opened with url: ''

2018-12-09 09:54:26 - [TEST_STEP][PASSED] - maximizeWindow(): Current window maximized

2018-12-09 09:54:27 - [MESSAGE][PASSED] - Current window maximized

2018-12-09 09:54:27 - [TEST_STEP][PASSED] - navigateToUrl("https://developer.salesforce.com/"): Navigate to 'https://developer.salesforce.com/' successfully

2018-12-09 09:54:32 - [MESSAGE][PASSED] - Navigate to 'https://developer.salesforce.com/' successfully

2018-12-09 09:54:32 - [TEST_STEP][PASSED] - PageTitle = getWindowTitle(): Current window's title is: 'Salesforce Developers | API Documentation, Developer Forums & More'

2018-12-09 09:54:32 - [MESSAGE][PASSED] - Current window's title is: 'Salesforce Developers | API Documentation, Developer Forums & More'

2018-12-09 09:54:32 - [TEST_STEP][PASSED] - verifyMatch(PageTitle, "Salesforce Developers | API Documentation, Developer Forums & More", false): Actual text 'Salesforce Developers | API Documentation, Developer Forums & More' and expected text 'Salesforce Developers | API Documentation, Developer Forums & More' are matched 

2018-12-09 09:54:32 - [MESSAGE][PASSED] - Actual text 'Salesforce Developers | API Documentation, Developer Forums & More' and expected text 'Salesforce Developers | API Documentation, Developer Forums & More' are matched 

2018-12-09 09:54:32 - [TEST_STEP][PASSED] - delay(2): Delayed 2 second(s)

2018-12-09 09:54:34 - [MESSAGE][PASSED] - Delayed 2 second(s)

2018-12-09 09:54:34 - [TEST_STEP][NOT_RUN] - closeBrowser(): NOT_RUN: closeBrowser()

2018-12-09 09:54:34 - [MESSAGE][NOT_RUN] - NOT_RUN: closeBrowser()]]></system-out>
         <system-err><![CDATA[]]></system-err>
      </testcase>
      <testcase name="Test Cases/TC-002" classname="Test Cases/TC-002" status="PASSED">
         <system-out><![CDATA[2018-12-09 09:54:36 - [TEST_CASE][PASSED] - Test Cases/TC-002: Test Cases/TC-002

2018-12-09 09:54:37 - [TEST_STEP][NOT_RUN] - openBrowser(""): NOT_RUN: openBrowser("")

2018-12-09 09:54:37 - [MESSAGE][NOT_RUN] - NOT_RUN: openBrowser("")

2018-12-09 09:54:37 - [TEST_STEP][NOT_RUN] - maximizeWindow(): NOT_RUN: maximizeWindow()

2018-12-09 09:54:37 - [MESSAGE][NOT_RUN] - NOT_RUN: maximizeWindow()

2018-12-09 09:54:37 - [TEST_STEP][NOT_RUN] - navigateToUrl("developer.salesforce.com"): NOT_RUN: navigateToUrl("developer.salesforce.com")

2018-12-09 09:54:37 - [MESSAGE][NOT_RUN] - NOT_RUN: navigateToUrl("developer.salesforce.com")

2018-12-09 09:54:37 - [TEST_STEP][NOT_RUN] - PageTitle = getWindowTitle(): NOT_RUN: PageTitle = getWindowTitle()

2018-12-09 09:54:37 - [MESSAGE][NOT_RUN] - NOT_RUN: PageTitle = getWindowTitle()

2018-12-09 09:54:37 - [TEST_STEP][NOT_RUN] - verifyMatch(PageTitle, "Salesforce Developers | API Documentation, Developer Forums & More", false): NOT_RUN: verifyMatch(PageTitle, "Salesforce Developers | API Documentation, Developer Forums & More", false)

2018-12-09 09:54:37 - [MESSAGE][NOT_RUN] - NOT_RUN: verifyMatch(PageTitle, "Salesforce Developers | API Documentation, Developer Forums & More", false)

2018-12-09 09:54:37 - [TEST_STEP][PASSED] - if (verifyElementPresent(findTestObject("Page_Salesforce Developers  API Doc/GDPR_Div_CloseButton"), 60, OPTIONAL)): Object: 'Object Repository/Page_Salesforce Developers  API Doc/GDPR_Div_CloseButton' is clicked on

2018-12-09 09:54:37 - [MESSAGE][PASSED] - Object 'Object Repository/Page_Salesforce Developers  API Doc/GDPR_Div_CloseButton' is present

2018-12-09 09:54:37 - [TEST_STEP][PASSED] - click(findTestObject("Page_Salesforce Developers  API Doc/GDPR_Div_CloseButton")): Object: 'Object Repository/Page_Salesforce Developers  API Doc/GDPR_Div_CloseButton' is clicked on

2018-12-09 09:54:37 - [MESSAGE][PASSED] - Object: 'Object Repository/Page_Salesforce Developers  API Doc/GDPR_Div_CloseButton' is clicked on

2018-12-09 09:54:37 - [TEST_STEP][PASSED] - waitForElementVisible(findTestObject("Page_Salesforce Developers  API Doc/Search_TextBox"), 60): Object 'Object Repository/Page_Salesforce Developers  API Doc/Search_TextBox' is visible

2018-12-09 09:54:38 - [MESSAGE][PASSED] - Object 'Object Repository/Page_Salesforce Developers  API Doc/Search_TextBox' is visible

2018-12-09 09:54:38 - [TEST_STEP][PASSED] - setText(findTestObject("Page_Salesforce Developers  API Doc/Search_TextBox"), "Writing Tests"): Text 'Writing Tests' is set on object 'Object Repository/Page_Salesforce Developers  API Doc/Search_TextBox'

2018-12-09 09:54:38 - [MESSAGE][PASSED] - Text 'Writing Tests' is set on object 'Object Repository/Page_Salesforce Developers  API Doc/Search_TextBox'

2018-12-09 09:54:38 - [TEST_STEP][PASSED] - sendKeys(findTestObject("Page_Salesforce Developers  API Doc/Search_TextBox"), Keys.chord(ENTER)): Keys 'ENTER + ' sent to object: 'Object Repository/Page_Salesforce Developers  API Doc/Search_TextBox'

2018-12-09 09:54:42 - [MESSAGE][PASSED] - Keys 'ENTER + ' sent to object: 'Object Repository/Page_Salesforce Developers  API Doc/Search_TextBox'

2018-12-09 09:54:42 - [TEST_STEP][PASSED] - waitForPageLoad(30, STOP_ON_FAILURE): Wait for page load successfully

2018-12-09 09:54:42 - [MESSAGE][PASSED] - Wait for page load successfully

2018-12-09 09:54:42 - [TEST_STEP][PASSED] - verifyElementPresent(findTestObject("Page_Search/a_Writing Tests  Apex Develope"), 30): Object 'Object Repository/Page_Search/a_Writing Tests  Apex Develope' is present

2018-12-09 09:54:42 - [MESSAGE][PASSED] - Object 'Object Repository/Page_Search/a_Writing Tests  Apex Develope' is present

2018-12-09 09:54:42 - [TEST_STEP][PASSED] - waitForElementClickable(findTestObject("Page_Search/a_Writing Tests  Apex Develope"), 20): Object 'Object Repository/Page_Search/a_Writing Tests  Apex Develope' is clickable

2018-12-09 09:54:42 - [MESSAGE][PASSED] - Object 'Object Repository/Page_Search/a_Writing Tests  Apex Develope' is clickable

2018-12-09 09:54:42 - [TEST_STEP][PASSED] - click(findTestObject("Page_Search/a_Writing Tests  Apex Develope"), STOP_ON_FAILURE): Object: 'Object Repository/Page_Search/a_Writing Tests  Apex Develope' is clicked on

2018-12-09 09:54:43 - [MESSAGE][PASSED] - Object: 'Object Repository/Page_Search/a_Writing Tests  Apex Develope' is clicked on

2018-12-09 09:54:43 - [TEST_STEP][PASSED] - driver = getWebDriver(): null

2018-12-09 09:54:43 - [TEST_STEP][PASSED] - delay(5): Delayed 5 second(s)

2018-12-09 09:54:48 - [MESSAGE][PASSED] - Delayed 5 second(s)

2018-12-09 09:54:48 - [TEST_STEP][PASSED] - contentSize = xpath("(//div[@class='toc-container']/following::span[contains(@class,'ng-binding ng-scope')])")).size(): null

2018-12-09 09:54:48 - [TEST_STEP][PASSED] - index = 1: null

2018-12-09 09:54:48 - [TEST_STEP][PASSED] - while (contentSize != index): null

2018-12-09 09:54:48 - [TEST_STEP][PASSED] - element = findWebElement(findTestObject("Page_Writing Tests  Apex Developer/ContentLinks", ["x":index]), 30): null

2018-12-09 09:54:48 - [TEST_STEP][PASSED] - scrollToElement(findTestObject("Page_Writing Tests  Apex Developer/ContentLinks", ["x":index]), 10, CONTINUE_ON_FAILURE): Scroll to object 'Object Repository/Page_Writing Tests  Apex Developer/ContentLinks' successfully

2018-12-09 09:54:48 - [MESSAGE][PASSED] - Scroll to object 'Object Repository/Page_Writing Tests  Apex Developer/ContentLinks' successfully

2018-12-09 09:54:48 - [TEST_STEP][PASSED] - contentLinkText = getText(findTestObject("Page_Writing Tests  Apex Developer/ContentLinks", ["x":index]), CONTINUE_ON_FAILURE): Text of object 'Object Repository/Page_Writing Tests  Apex Developer/ContentLinks' is: 'Apex Developer Guide'

2018-12-09 09:54:48 - [MESSAGE][PASSED] - Text of object 'Object Repository/Page_Writing Tests  Apex Developer/ContentLinks' is: 'Apex Developer Guide'

2018-12-09 09:54:48 - [TEST_STEP][PASSED] - click(findTestObject("Page_Writing Tests  Apex Developer/ContentLinks", ["x":index]), CONTINUE_ON_FAILURE): Object: 'Object Repository/Page_Writing Tests  Apex Developer/ContentLinks' is clicked on

2018-12-09 09:54:48 - [MESSAGE][PASSED] - Object: 'Object Repository/Page_Writing Tests  Apex Developer/ContentLinks' is clicked on

2018-12-09 09:54:48 - [TEST_STEP][PASSED] - delay(1, CONTINUE_ON_FAILURE): Delayed 1 second(s)

2018-12-09 09:54:49 - [MESSAGE][PASSED] - Delayed 1 second(s)

2018-12-09 09:54:49 - [TEST_STEP][PASSED] - header = getText(findTestObject("Page_Writing Tests  Apex Developer/h1_ContentHeader"), CONTINUE_ON_FAILURE): Text of object 'Object Repository/Page_Writing Tests  Apex Developer/h1_ContentHeader' is: 'Apex Developer Guide'

2018-12-09 09:54:49 - [MESSAGE][PASSED] - Text of object 'Object Repository/Page_Writing Tests  Apex Developer/h1_ContentHeader' is: 'Apex Developer Guide'

2018-12-09 09:54:49 - [TEST_STEP][PASSED] - scrollToElement(findTestObject("Page_Writing Tests  Apex Developer/h1_ContentHeader"), 10, CONTINUE_ON_FAILURE): Scroll to object 'Object Repository/Page_Writing Tests  Apex Developer/h1_ContentHeader' successfully

2018-12-09 09:54:49 - [MESSAGE][PASSED] - Scroll to object 'Object Repository/Page_Writing Tests  Apex Developer/h1_ContentHeader' successfully

2018-12-09 09:54:49 - [TEST_STEP][PASSED] - verifyElementText(findTestObject("Page_Writing Tests  Apex Developer/h1_ContentHeader"), contentLinkText, CONTINUE_ON_FAILURE): Actual text and expected text of test object 'Object Repository/Page_Writing Tests  Apex Developer/h1_ContentHeader' are matched.

2018-12-09 09:54:49 - [MESSAGE][PASSED] - Actual text and expected text of test object 'Object Repository/Page_Writing Tests  Apex Developer/h1_ContentHeader' are matched.

2018-12-09 09:54:49 - [TEST_STEP][PASSED] - if (index == 100): null

2018-12-09 09:54:49 - [TEST_STEP][PASSED] - (index++): null

2018-12-09 09:54:49 - [TEST_STEP][PASSED] - contentSize = xpath("(//div[@class='toc-container']/following::span[contains(@class,'ng-binding ng-scope')])")).size(): null

2018-12-09 09:54:49 - [TEST_STEP][PASSED] - element = findWebElement(findTestObject("Page_Writing Tests  Apex Developer/ContentLinks", ["x":index]), 30): null

2018-12-09 09:54:49 - [TEST_STEP][PASSED] - scrollToElement(findTestObject("Page_Writing Tests  Apex Developer/ContentLinks", ["x":index]), 10, CONTINUE_ON_FAILURE): Scroll to object 'Object Repository/Page_Writing Tests  Apex Developer/ContentLinks' successfully

2018-12-09 09:54:49 - [MESSAGE][PASSED] - Scroll to object 'Object Repository/Page_Writing Tests  Apex Developer/ContentLinks' successfully

2018-12-09 09:54:49 - [TEST_STEP][PASSED] - contentLinkText = getText(findTestObject("Page_Writing Tests  Apex Developer/ContentLinks", ["x":index]), CONTINUE_ON_FAILURE): Text of object 'Object Repository/Page_Writing Tests  Apex Developer/ContentLinks' is: 'Getting Started with Apex'

2018-12-09 09:54:49 - [MESSAGE][PASSED] - Text of object 'Object Repository/Page_Writing Tests  Apex Developer/ContentLinks' is: 'Getting Started with Apex'

2018-12-09 09:54:49 - [TEST_STEP][PASSED] - click(findTestObject("Page_Writing Tests  Apex Developer/ContentLinks", ["x":index]), CONTINUE_ON_FAILURE): Object: 'Object Repository/Page_Writing Tests  Apex Developer/ContentLinks' is clicked on

2018-12-09 09:54:50 - [MESSAGE][PASSED] - Object: 'Object Repository/Page_Writing Tests  Apex Developer/ContentLinks' is clicked on

2018-12-09 09:54:50 - [TEST_STEP][PASSED] - delay(1, CONTINUE_ON_FAILURE): Delayed 1 second(s)

2018-12-09 09:54:51 - [MESSAGE][PASSED] - Delayed 1 second(s)

2018-12-09 09:54:51 - [TEST_STEP][PASSED] - header = getText(findTestObject("Page_Writing Tests  Apex Developer/h1_ContentHeader"), CONTINUE_ON_FAILURE): Text of object 'Object Repository/Page_Writing Tests  Apex Developer/h1_ContentHeader' is: 'Getting Started with Apex'

2018-12-09 09:54:51 - [MESSAGE][PASSED] - Text of object 'Object Repository/Page_Writing Tests  Apex Developer/h1_ContentHeader' is: 'Getting Started with Apex'

2018-12-09 09:54:51 - [TEST_STEP][PASSED] - scrollToElement(findTestObject("Page_Writing Tests  Apex Developer/h1_ContentHeader"), 10, CONTINUE_ON_FAILURE): Scroll to object 'Object Repository/Page_Writing Tests  Apex Developer/h1_ContentHeader' successfully

2018-12-09 09:54:51 - [MESSAGE][PASSED] - Scroll to object 'Object Repository/Page_Writing Tests  Apex Developer/h1_ContentHeader' successfully

2018-12-09 09:54:51 - [TEST_STEP][PASSED] - verifyElementText(findTestObject("Page_Writing Tests  Apex Developer/h1_ContentHeader"), contentLinkText, CONTINUE_ON_FAILURE): Actual text and expected text of test object 'Object Repository/Page_Writing Tests  Apex Developer/h1_ContentHeader' are matched.

2018-12-09 09:54:51 - [MESSAGE][PASSED] - Actual text and expected text of test object 'Object Repository/Page_Writing Tests  Apex Developer/h1_ContentHeader' are matched.

2018-12-09 09:54:51 - [TEST_STEP][PASSED] - if (index == 100): null

2018-12-09 09:54:51 - [TEST_STEP][PASSED] - (index++): null

2018-12-09 09:54:51 - [TEST_STEP][PASSED] - contentSize = xpath("(//div[@class='toc-container']/following::span[contains(@class,'ng-binding ng-scope')])")).size(): null

2018-12-09 09:54:51 - [TEST_STEP][PASSED] - element = findWebElement(findTestObject("Page_Writing Tests  Apex Developer/ContentLinks", ["x":index]), 30): null

2018-12-09 09:54:51 - [TEST_STEP][PASSED] - scrollToElement(findTestObject("Page_Writing Tests  Apex Developer/ContentLinks", ["x":index]), 10, CONTINUE_ON_FAILURE): Scroll to object 'Object Repository/Page_Writing Tests  Apex Developer/ContentLinks' successfully

2018-12-09 09:54:51 - [MESSAGE][PASSED] - Scroll to object 'Object Repository/Page_Writing Tests  Apex Developer/ContentLinks' successfully

2018-12-09 09:54:51 - [TEST_STEP][PASSED] - contentLinkText = getText(findTestObject("Page_Writing Tests  Apex Developer/ContentLinks", ["x":index]), CONTINUE_ON_FAILURE): Text of object 'Object Repository/Page_Writing Tests  Apex Developer/ContentLinks' is: 'Introducing Apex'

2018-12-09 09:54:51 - [MESSAGE][PASSED] - Text of object 'Object Repository/Page_Writing Tests  Apex Developer/ContentLinks' is: 'Introducing Apex'

2018-12-09 09:54:51 - [TEST_STEP][PASSED] - click(findTestObject("Page_Writing Tests  Apex Developer/ContentLinks", ["x":index]), CONTINUE_ON_FAILURE): Object: 'Object Repository/Page_Writing Tests  Apex Developer/ContentLinks' is clicked on

2018-12-09 09:54:51 - [MESSAGE][PASSED] - Object: 'Object Repository/Page_Writing Tests  Apex Developer/ContentLinks' is clicked on

2018-12-09 09:54:51 - [TEST_STEP][PASSED] - delay(1, CONTINUE_ON_FAILURE): Delayed 1 second(s)

2018-12-09 09:54:52 - [MESSAGE][PASSED] - Delayed 1 second(s)

2018-12-09 09:54:52 - [TEST_STEP][PASSED] - header = getText(findTestObject("Page_Writing Tests  Apex Developer/h1_ContentHeader"), CONTINUE_ON_FAILURE): Text of object 'Object Repository/Page_Writing Tests  Apex Developer/h1_ContentHeader' is: 'Introducing Apex'

2018-12-09 09:54:52 - [MESSAGE][PASSED] - Text of object 'Object Repository/Page_Writing Tests  Apex Developer/h1_ContentHeader' is: 'Introducing Apex'

2018-12-09 09:54:52 - [TEST_STEP][PASSED] - scrollToElement(findTestObject("Page_Writing Tests  Apex Developer/h1_ContentHeader"), 10, CONTINUE_ON_FAILURE): Scroll to object 'Object Repository/Page_Writing Tests  Apex Developer/h1_ContentHeader' successfully

2018-12-09 09:54:52 - [MESSAGE][PASSED] - Scroll to object 'Object Repository/Page_Writing Tests  Apex Developer/h1_ContentHeader' successfully

2018-12-09 09:54:52 - [TEST_STEP][PASSED] - verifyElementText(findTestObject("Page_Writing Tests  Apex Developer/h1_ContentHeader"), contentLinkText, CONTINUE_ON_FAILURE): Actual text and expected text of test object 'Object Repository/Page_Writing Tests  Apex Developer/h1_ContentHeader' are matched.

2018-12-09 09:54:52 - [MESSAGE][PASSED] - Actual text and expected text of test object 'Object Repository/Page_Writing Tests  Apex Developer/h1_ContentHeader' are matched.

2018-12-09 09:54:52 - [TEST_STEP][PASSED] - if (index == 100): null

2018-12-09 09:54:52 - [TEST_STEP][PASSED] - (index++): null

2018-12-09 09:54:52 - [TEST_STEP][PASSED] - contentSize = xpath("(//div[@class='toc-container']/following::span[contains(@class,'ng-binding ng-scope')])")).size(): null

2018-12-09 09:54:52 - [TEST_STEP][PASSED] - element = findWebElement(findTestObject("Page_Writing Tests  Apex Developer/ContentLinks", ["x":index]), 30): null

2018-12-09 09:54:52 - [TEST_STEP][PASSED] - scrollToElement(findTestObject("Page_Writing Tests  Apex Developer/ContentLinks", ["x":index]), 10, CONTINUE_ON_FAILURE): Scroll to object 'Object Repository/Page_Writing Tests  Apex Developer/ContentLinks' successfully

2018-12-09 09:54:52 - [MESSAGE][PASSED] - Scroll to object 'Object Repository/Page_Writing Tests  Apex Developer/ContentLinks' successfully

2018-12-09 09:54:52 - [TEST_STEP][PASSED] - contentLinkText = getText(findTestObject("Page_Writing Tests  Apex Developer/ContentLinks", ["x":index]), CONTINUE_ON_FAILURE): Text of object 'Object Repository/Page_Writing Tests  Apex Developer/ContentLinks' is: 'What is Apex?'

2018-12-09 09:54:53 - [MESSAGE][PASSED] - Text of object 'Object Repository/Page_Writing Tests  Apex Developer/ContentLinks' is: 'What is Apex?'

2018-12-09 09:54:53 - [TEST_STEP][PASSED] - click(findTestObject("Page_Writing Tests  Apex Developer/ContentLinks", ["x":index]), CONTINUE_ON_FAILURE): Object: 'Object Repository/Page_Writing Tests  Apex Developer/ContentLinks' is clicked on

2018-12-09 09:54:53 - [MESSAGE][PASSED] - Object: 'Object Repository/Page_Writing Tests  Apex Developer/ContentLinks' is clicked on

2018-12-09 09:54:53 - [TEST_STEP][PASSED] - delay(1, CONTINUE_ON_FAILURE): Delayed 1 second(s)

2018-12-09 09:54:54 - [MESSAGE][PASSED] - Delayed 1 second(s)

2018-12-09 09:54:54 - [TEST_STEP][PASSED] - header = getText(findTestObject("Page_Writing Tests  Apex Developer/h1_ContentHeader"), CONTINUE_ON_FAILURE): Text of object 'Object Repository/Page_Writing Tests  Apex Developer/h1_ContentHeader' is: 'What is Apex?'

2018-12-09 09:54:54 - [MESSAGE][PASSED] - Text of object 'Object Repository/Page_Writing Tests  Apex Developer/h1_ContentHeader' is: 'What is Apex?'

2018-12-09 09:54:54 - [TEST_STEP][PASSED] - scrollToElement(findTestObject("Page_Writing Tests  Apex Developer/h1_ContentHeader"), 10, CONTINUE_ON_FAILURE): Scroll to object 'Object Repository/Page_Writing Tests  Apex Developer/h1_ContentHeader' successfully

2018-12-09 09:54:54 - [MESSAGE][PASSED] - Scroll to object 'Object Repository/Page_Writing Tests  Apex Developer/h1_ContentHeader' successfully

2018-12-09 09:54:54 - [TEST_STEP][PASSED] - verifyElementText(findTestObject("Page_Writing Tests  Apex Developer/h1_ContentHeader"), contentLinkText, CONTINUE_ON_FAILURE): Actual text and expected text of test object 'Object Repository/Page_Writing Tests  Apex Developer/h1_ContentHeader' are matched.

2018-12-09 09:54:54 - [MESSAGE][PASSED] - Actual text and expected text of test object 'Object Repository/Page_Writing Tests  Apex Developer/h1_ContentHeader' are matched.

2018-12-09 09:54:54 - [TEST_STEP][PASSED] - if (index == 100): null

2018-12-09 09:54:54 - [TEST_STEP][PASSED] - (index++): null

2018-12-09 09:54:54 - [TEST_STEP][PASSED] - contentSize = xpath("(//div[@class='toc-container']/following::span[contains(@class,'ng-binding ng-scope')])")).size(): null

2018-12-09 09:54:54 - [TEST_STEP][PASSED] - element = findWebElement(findTestObject("Page_Writing Tests  Apex Developer/ContentLinks", ["x":index]), 30): null

2018-12-09 09:54:54 - [TEST_STEP][PASSED] - scrollToElement(findTestObject("Page_Writing Tests  Apex Developer/ContentLinks", ["x":index]), 10, CONTINUE_ON_FAILURE): Scroll to object 'Object Repository/Page_Writing Tests  Apex Developer/ContentLinks' successfully

2018-12-09 09:54:54 - [MESSAGE][PASSED] - Scroll to object 'Object Repository/Page_Writing Tests  Apex Developer/ContentLinks' successfully

2018-12-09 09:54:54 - [TEST_STEP][PASSED] - contentLinkText = getText(findTestObject("Page_Writing Tests  Apex Developer/ContentLinks", ["x":index]), CONTINUE_ON_FAILURE): Text of object 'Object Repository/Page_Writing Tests  Apex Developer/ContentLinks' is: 'Understanding Apex Core Concepts'

2018-12-09 09:54:54 - [MESSAGE][PASSED] - Text of object 'Object Repository/Page_Writing Tests  Apex Developer/ContentLinks' is: 'Understanding Apex Core Concepts'

2018-12-09 09:54:54 - [TEST_STEP][PASSED] - click(findTestObject("Page_Writing Tests  Apex Developer/ContentLinks", ["x":index]), CONTINUE_ON_FAILURE): Object: 'Object Repository/Page_Writing Tests  Apex Developer/ContentLinks' is clicked on

2018-12-09 09:54:54 - [MESSAGE][PASSED] - Object: 'Object Repository/Page_Writing Tests  Apex Developer/ContentLinks' is clicked on

2018-12-09 09:54:54 - [TEST_STEP][PASSED] - delay(1, CONTINUE_ON_FAILURE): Delayed 1 second(s)

2018-12-09 09:54:55 - [MESSAGE][PASSED] - Delayed 1 second(s)

2018-12-09 09:54:55 - [TEST_STEP][PASSED] - header = getText(findTestObject("Page_Writing Tests  Apex Developer/h1_ContentHeader"), CONTINUE_ON_FAILURE): Text of object 'Object Repository/Page_Writing Tests  Apex Developer/h1_ContentHeader' is: 'Understanding Apex Core Concepts'

2018-12-09 09:54:55 - [MESSAGE][PASSED] - Text of object 'Object Repository/Page_Writing Tests  Apex Developer/h1_ContentHeader' is: 'Understanding Apex Core Concepts'

2018-12-09 09:54:55 - [TEST_STEP][PASSED] - scrollToElement(findTestObject("Page_Writing Tests  Apex Developer/h1_ContentHeader"), 10, CONTINUE_ON_FAILURE): Scroll to object 'Object Repository/Page_Writing Tests  Apex Developer/h1_ContentHeader' successfully

2018-12-09 09:54:55 - [MESSAGE][PASSED] - Scroll to object 'Object Repository/Page_Writing Tests  Apex Developer/h1_ContentHeader' successfully

2018-12-09 09:54:55 - [TEST_STEP][PASSED] - verifyElementText(findTestObject("Page_Writing Tests  Apex Developer/h1_ContentHeader"), contentLinkText, CONTINUE_ON_FAILURE): Actual text and expected text of test object 'Object Repository/Page_Writing Tests  Apex Developer/h1_ContentHeader' are matched.

2018-12-09 09:54:55 - [MESSAGE][PASSED] - Actual text and expected text of test object 'Object Repository/Page_Writing Tests  Apex Developer/h1_ContentHeader' are matched.

2018-12-09 09:54:55 - [TEST_STEP][PASSED] - if (index == 100): null

2018-12-09 09:54:55 - [TEST_STEP][PASSED] - (index++): null

2018-12-09 09:54:55 - [TEST_STEP][PASSED] - contentSize = xpath("(//div[@class='toc-container']/following::span[contains(@class,'ng-binding ng-scope')])")).size(): null

2018-12-09 09:54:55 - [TEST_STEP][PASSED] - element = findWebElement(findTestObject("Page_Writing Tests  Apex Developer/ContentLinks", ["x":index]), 30): null

2018-12-09 09:54:55 - [TEST_STEP][PASSED] - scrollToElement(findTestObject("Page_Writing Tests  Apex Developer/ContentLinks", ["x":index]), 10, CONTINUE_ON_FAILURE): Scroll to object 'Object Repository/Page_Writing Tests  Apex Developer/ContentLinks' successfully

2018-12-09 09:54:55 - [MESSAGE][PASSED] - Scroll to object 'Object Repository/Page_Writing Tests  Apex Developer/ContentLinks' successfully

2018-12-09 09:54:55 - [TEST_STEP][PASSED] - contentLinkText = getText(findTestObject("Page_Writing Tests  Apex Developer/ContentLinks", ["x":index]), CONTINUE_ON_FAILURE): Text of object 'Object Repository/Page_Writing Tests  Apex Developer/ContentLinks' is: 'When Should I Use Apex?'

2018-12-09 09:54:56 - [MESSAGE][PASSED] - Text of object 'Object Repository/Page_Writing Tests  Apex Developer/ContentLinks' is: 'When Should I Use Apex?'

2018-12-09 09:54:56 - [TEST_STEP][PASSED] - click(findTestObject("Page_Writing Tests  Apex Developer/ContentLinks", ["x":index]), CONTINUE_ON_FAILURE): Object: 'Object Repository/Page_Writing Tests  Apex Developer/ContentLinks' is clicked on

2018-12-09 09:54:56 - [MESSAGE][PASSED] - Object: 'Object Repository/Page_Writing Tests  Apex Developer/ContentLinks' is clicked on

2018-12-09 09:54:56 - [TEST_STEP][PASSED] - delay(1, CONTINUE_ON_FAILURE): Delayed 1 second(s)

2018-12-09 09:54:57 - [MESSAGE][PASSED] - Delayed 1 second(s)

2018-12-09 09:54:57 - [TEST_STEP][PASSED] - header = getText(findTestObject("Page_Writing Tests  Apex Developer/h1_ContentHeader"), CONTINUE_ON_FAILURE): Text of object 'Object Repository/Page_Writing Tests  Apex Developer/h1_ContentHeader' is: 'When Should I Use Apex?'

2018-12-09 09:54:57 - [MESSAGE][PASSED] - Text of object 'Object Repository/Page_Writing Tests  Apex Developer/h1_ContentHeader' is: 'When Should I Use Apex?'

2018-12-09 09:54:57 - [TEST_STEP][PASSED] - scrollToElement(findTestObject("Page_Writing Tests  Apex Developer/h1_ContentHeader"), 10, CONTINUE_ON_FAILURE): Scroll to object 'Object Repository/Page_Writing Tests  Apex Developer/h1_ContentHeader' successfully

2018-12-09 09:54:57 - [MESSAGE][PASSED] - Scroll to object 'Object Repository/Page_Writing Tests  Apex Developer/h1_ContentHeader' successfully

2018-12-09 09:54:57 - [TEST_STEP][PASSED] - verifyElementText(findTestObject("Page_Writing Tests  Apex Developer/h1_ContentHeader"), contentLinkText, CONTINUE_ON_FAILURE): Actual text and expected text of test object 'Object Repository/Page_Writing Tests  Apex Developer/h1_ContentHeader' are matched.

2018-12-09 09:54:57 - [MESSAGE][PASSED] - Actual text and expected text of test object 'Object Repository/Page_Writing Tests  Apex Developer/h1_ContentHeader' are matched.

2018-12-09 09:54:57 - [TEST_STEP][PASSED] - if (index == 100): null

2018-12-09 09:54:57 - [TEST_STEP][PASSED] - (index++): null

2018-12-09 09:54:57 - [TEST_STEP][PASSED] - contentSize = xpath("(//div[@class='toc-container']/following::span[contains(@class,'ng-binding ng-scope')])")).size(): null

2018-12-09 09:54:57 - [TEST_STEP][PASSED] - element = findWebElement(findTestObject("Page_Writing Tests  Apex Developer/ContentLinks", ["x":index]), 30): null

2018-12-09 09:54:57 - [TEST_STEP][PASSED] - scrollToElement(findTestObject("Page_Writing Tests  Apex Developer/ContentLinks", ["x":index]), 10, CONTINUE_ON_FAILURE): Scroll to object 'Object Repository/Page_Writing Tests  Apex Developer/ContentLinks' successfully

2018-12-09 09:54:57 - [MESSAGE][PASSED] - Scroll to object 'Object Repository/Page_Writing Tests  Apex Developer/ContentLinks' successfully

2018-12-09 09:54:57 - [TEST_STEP][PASSED] - contentLinkText = getText(findTestObject("Page_Writing Tests  Apex Developer/ContentLinks", ["x":index]), CONTINUE_ON_FAILURE): Text of object 'Object Repository/Page_Writing Tests  Apex Developer/ContentLinks' is: 'How Does Apex Work?'

2018-12-09 09:54:57 - [MESSAGE][PASSED] - Text of object 'Object Repository/Page_Writing Tests  Apex Developer/ContentLinks' is: 'How Does Apex Work?'

2018-12-09 09:54:57 - [TEST_STEP][PASSED] - click(findTestObject("Page_Writing Tests  Apex Developer/ContentLinks", ["x":index]), CONTINUE_ON_FAILURE): Object: 'Object Repository/Page_Writing Tests  Apex Developer/ContentLinks' is clicked on

2018-12-09 09:54:57 - [MESSAGE][PASSED] - Object: 'Object Repository/Page_Writing Tests  Apex Developer/ContentLinks' is clicked on

2018-12-09 09:54:57 - [TEST_STEP][PASSED] - delay(1, CONTINUE_ON_FAILURE): Delayed 1 second(s)

2018-12-09 09:54:58 - [MESSAGE][PASSED] - Delayed 1 second(s)

2018-12-09 09:54:58 - [TEST_STEP][PASSED] - header = getText(findTestObject("Page_Writing Tests  Apex Developer/h1_ContentHeader"), CONTINUE_ON_FAILURE): Text of object 'Object Repository/Page_Writing Tests  Apex Developer/h1_ContentHeader' is: 'How Does Apex Work?'

2018-12-09 09:54:58 - [MESSAGE][PASSED] - Text of object 'Object Repository/Page_Writing Tests  Apex Developer/h1_ContentHeader' is: 'How Does Apex Work?'

2018-12-09 09:54:58 - [TEST_STEP][PASSED] - scrollToElement(findTestObject("Page_Writing Tests  Apex Developer/h1_ContentHeader"), 10, CONTINUE_ON_FAILURE): Scroll to object 'Object Repository/Page_Writing Tests  Apex Developer/h1_ContentHeader' successfully

2018-12-09 09:54:59 - [MESSAGE][PASSED] - Scroll to object 'Object Repository/Page_Writing Tests  Apex Developer/h1_ContentHeader' successfully

2018-12-09 09:54:59 - [TEST_STEP][PASSED] - verifyElementText(findTestObject("Page_Writing Tests  Apex Developer/h1_ContentHeader"), contentLinkText, CONTINUE_ON_FAILURE): Actual text and expected text of test object 'Object Repository/Page_Writing Tests  Apex Developer/h1_ContentHeader' are matched.

2018-12-09 09:54:59 - [MESSAGE][PASSED] - Actual text and expected text of test object 'Object Repository/Page_Writing Tests  Apex Developer/h1_ContentHeader' are matched.

2018-12-09 09:54:59 - [TEST_STEP][PASSED] - if (index == 100): null

2018-12-09 09:54:59 - [TEST_STEP][PASSED] - (index++): null

2018-12-09 09:54:59 - [TEST_STEP][PASSED] - contentSize = xpath("(//div[@class='toc-container']/following::span[contains(@class,'ng-binding ng-scope')])")).size(): null

2018-12-09 09:54:59 - [TEST_STEP][PASSED] - element = findWebElement(findTestObject("Page_Writing Tests  Apex Developer/ContentLinks", ["x":index]), 30): null

2018-12-09 09:54:59 - [TEST_STEP][PASSED] - scrollToElement(findTestObject("Page_Writing Tests  Apex Developer/ContentLinks", ["x":index]), 10, CONTINUE_ON_FAILURE): Scroll to object 'Object Repository/Page_Writing Tests  Apex Developer/ContentLinks' successfully

2018-12-09 09:54:59 - [MESSAGE][PASSED] - Scroll to object 'Object Repository/Page_Writing Tests  Apex Developer/ContentLinks' successfully

2018-12-09 09:54:59 - [TEST_STEP][PASSED] - contentLinkText = getText(findTestObject("Page_Writing Tests  Apex Developer/ContentLinks", ["x":index]), CONTINUE_ON_FAILURE): Text of object 'Object Repository/Page_Writing Tests  Apex Developer/ContentLinks' is: 'Developing Code in the Cloud'

2018-12-09 09:54:59 - [MESSAGE][PASSED] - Text of object 'Object Repository/Page_Writing Tests  Apex Developer/ContentLinks' is: 'Developing Code in the Cloud'

2018-12-09 09:54:59 - [TEST_STEP][PASSED] - click(findTestObject("Page_Writing Tests  Apex Developer/ContentLinks", ["x":index]), CONTINUE_ON_FAILURE): Object: 'Object Repository/Page_Writing Tests  Apex Developer/ContentLinks' is clicked on

2018-12-09 09:54:59 - [MESSAGE][PASSED] - Object: 'Object Repository/Page_Writing Tests  Apex Developer/ContentLinks' is clicked on

2018-12-09 09:54:59 - [TEST_STEP][PASSED] - delay(1, CONTINUE_ON_FAILURE): Delayed 1 second(s)

2018-12-09 09:55:00 - [MESSAGE][PASSED] - Delayed 1 second(s)

2018-12-09 09:55:00 - [TEST_STEP][PASSED] - header = getText(findTestObject("Page_Writing Tests  Apex Developer/h1_ContentHeader"), CONTINUE_ON_FAILURE): Text of object 'Object Repository/Page_Writing Tests  Apex Developer/h1_ContentHeader' is: 'Developing Code in the Cloud'

2018-12-09 09:55:00 - [MESSAGE][PASSED] - Text of object 'Object Repository/Page_Writing Tests  Apex Developer/h1_ContentHeader' is: 'Developing Code in the Cloud'

2018-12-09 09:55:00 - [TEST_STEP][PASSED] - scrollToElement(findTestObject("Page_Writing Tests  Apex Developer/h1_ContentHeader"), 10, CONTINUE_ON_FAILURE): Scroll to object 'Object Repository/Page_Writing Tests  Apex Developer/h1_ContentHeader' successfully

2018-12-09 09:55:00 - [MESSAGE][PASSED] - Scroll to object 'Object Repository/Page_Writing Tests  Apex Developer/h1_ContentHeader' successfully

2018-12-09 09:55:00 - [TEST_STEP][PASSED] - verifyElementText(findTestObject("Page_Writing Tests  Apex Developer/h1_ContentHeader"), contentLinkText, CONTINUE_ON_FAILURE): Actual text and expected text of test object 'Object Repository/Page_Writing Tests  Apex Developer/h1_ContentHeader' are matched.

2018-12-09 09:55:00 - [MESSAGE][PASSED] - Actual text and expected text of test object 'Object Repository/Page_Writing Tests  Apex Developer/h1_ContentHeader' are matched.

2018-12-09 09:55:00 - [TEST_STEP][PASSED] - if (index == 100): null

2018-12-09 09:55:00 - [TEST_STEP][PASSED] - (index++): null

2018-12-09 09:55:00 - [TEST_STEP][PASSED] - contentSize = xpath("(//div[@class='toc-container']/following::span[contains(@class,'ng-binding ng-scope')])")).size(): null

2018-12-09 09:55:00 - [TEST_STEP][PASSED] - element = findWebElement(findTestObject("Page_Writing Tests  Apex Developer/ContentLinks", ["x":index]), 30): null

2018-12-09 09:55:00 - [TEST_STEP][PASSED] - scrollToElement(findTestObject("Page_Writing Tests  Apex Developer/ContentLinks", ["x":index]), 10, CONTINUE_ON_FAILURE): Scroll to object 'Object Repository/Page_Writing Tests  Apex Developer/ContentLinks' successfully

2018-12-09 09:55:00 - [MESSAGE][PASSED] - Scroll to object 'Object Repository/Page_Writing Tests  Apex Developer/ContentLinks' successfully

2018-12-09 09:55:00 - [TEST_STEP][PASSED] - contentLinkText = getText(findTestObject("Page_Writing Tests  Apex Developer/ContentLinks", ["x":index]), CONTINUE_ON_FAILURE): Text of object 'Object Repository/Page_Writing Tests  Apex Developer/ContentLinks' is: 'What's New?'

2018-12-09 09:55:00 - [MESSAGE][PASSED] - Text of object 'Object Repository/Page_Writing Tests  Apex Developer/ContentLinks' is: 'What's New?'

2018-12-09 09:55:00 - [TEST_STEP][PASSED] - click(findTestObject("Page_Writing Tests  Apex Developer/ContentLinks", ["x":index]), CONTINUE_ON_FAILURE): Object: 'Object Repository/Page_Writing Tests  Apex Developer/ContentLinks' is clicked on

2018-12-09 09:55:00 - [MESSAGE][PASSED] - Object: 'Object Repository/Page_Writing Tests  Apex Developer/ContentLinks' is clicked on

2018-12-09 09:55:00 - [TEST_STEP][PASSED] - delay(1, CONTINUE_ON_FAILURE): Delayed 1 second(s)

2018-12-09 09:55:01 - [MESSAGE][PASSED] - Delayed 1 second(s)

2018-12-09 09:55:01 - [TEST_STEP][PASSED] - header = getText(findTestObject("Page_Writing Tests  Apex Developer/h1_ContentHeader"), CONTINUE_ON_FAILURE): Text of object 'Object Repository/Page_Writing Tests  Apex Developer/h1_ContentHeader' is: 'What's New?'

2018-12-09 09:55:01 - [MESSAGE][PASSED] - Text of object 'Object Repository/Page_Writing Tests  Apex Developer/h1_ContentHeader' is: 'What's New?'

2018-12-09 09:55:01 - [TEST_STEP][PASSED] - scrollToElement(findTestObject("Page_Writing Tests  Apex Developer/h1_ContentHeader"), 10, CONTINUE_ON_FAILURE): Scroll to object 'Object Repository/Page_Writing Tests  Apex Developer/h1_ContentHeader' successfully

2018-12-09 09:55:01 - [MESSAGE][PASSED] - Scroll to object 'Object Repository/Page_Writing Tests  Apex Developer/h1_ContentHeader' successfully

2018-12-09 09:55:01 - [TEST_STEP][PASSED] - verifyElementText(findTestObject("Page_Writing Tests  Apex Developer/h1_ContentHeader"), contentLinkText, CONTINUE_ON_FAILURE): Actual text and expected text of test object 'Object Repository/Page_Writing Tests  Apex Developer/h1_ContentHeader' are matched.

2018-12-09 09:55:01 - [MESSAGE][PASSED] - Actual text and expected text of test object 'Object Repository/Page_Writing Tests  Apex Developer/h1_ContentHeader' are matched.

2018-12-09 09:55:01 - [TEST_STEP][PASSED] - if (index == 100): null

2018-12-09 09:55:01 - [TEST_STEP][PASSED] - (index++): null

2018-12-09 09:55:01 - [TEST_STEP][PASSED] - contentSize = xpath("(//div[@class='toc-container']/following::span[contains(@class,'ng-binding ng-scope')])")).size(): null

2018-12-09 09:55:01 - [TEST_STEP][PASSED] - element = findWebElement(findTestObject("Page_Writing Tests  Apex Developer/ContentLinks", ["x":index]), 30): null

2018-12-09 09:55:01 - [TEST_STEP][PASSED] - scrollToElement(findTestObject("Page_Writing Tests  Apex Developer/ContentLinks", ["x":index]), 10, CONTINUE_ON_FAILURE): Scroll to object 'Object Repository/Page_Writing Tests  Apex Developer/ContentLinks' successfully

2018-12-09 09:55:02 - [MESSAGE][PASSED] - Scroll to object 'Object Repository/Page_Writing Tests  Apex Developer/ContentLinks' successfully

2018-12-09 09:55:02 - [TEST_STEP][PASSED] - contentLinkText = getText(findTestObject("Page_Writing Tests  Apex Developer/ContentLinks", ["x":index]), CONTINUE_ON_FAILURE): Text of object 'Object Repository/Page_Writing Tests  Apex Developer/ContentLinks' is: 'Apex Development Process'

2018-12-09 09:55:02 - [MESSAGE][PASSED] - Text of object 'Object Repository/Page_Writing Tests  Apex Developer/ContentLinks' is: 'Apex Development Process'

2018-12-09 09:55:02 - [TEST_STEP][PASSED] - click(findTestObject("Page_Writing Tests  Apex Developer/ContentLinks", ["x":index]), CONTINUE_ON_FAILURE): Object: 'Object Repository/Page_Writing Tests  Apex Developer/ContentLinks' is clicked on

2018-12-09 09:55:02 - [MESSAGE][PASSED] - Object: 'Object Repository/Page_Writing Tests  Apex Developer/ContentLinks' is clicked on

2018-12-09 09:55:02 - [TEST_STEP][PASSED] - delay(1, CONTINUE_ON_FAILURE): Delayed 1 second(s)

2018-12-09 09:55:03 - [MESSAGE][PASSED] - Delayed 1 second(s)

2018-12-09 09:55:03 - [TEST_STEP][PASSED] - header = getText(findTestObject("Page_Writing Tests  Apex Developer/h1_ContentHeader"), CONTINUE_ON_FAILURE): Text of object 'Object Repository/Page_Writing Tests  Apex Developer/h1_ContentHeader' is: 'Apex Development Process'

2018-12-09 09:55:03 - [MESSAGE][PASSED] - Text of object 'Object Repository/Page_Writing Tests  Apex Developer/h1_ContentHeader' is: 'Apex Development Process'

2018-12-09 09:55:03 - [TEST_STEP][PASSED] - scrollToElement(findTestObject("Page_Writing Tests  Apex Developer/h1_ContentHeader"), 10, CONTINUE_ON_FAILURE): Scroll to object 'Object Repository/Page_Writing Tests  Apex Developer/h1_ContentHeader' successfully

2018-12-09 09:55:03 - [MESSAGE][PASSED] - Scroll to object 'Object Repository/Page_Writing Tests  Apex Developer/h1_ContentHeader' successfully

2018-12-09 09:55:03 - [TEST_STEP][PASSED] - verifyElementText(findTestObject("Page_Writing Tests  Apex Developer/h1_ContentHeader"), contentLinkText, CONTINUE_ON_FAILURE): Actual text and expected text of test object 'Object Repository/Page_Writing Tests  Apex Developer/h1_ContentHeader' are matched.

2018-12-09 09:55:03 - [MESSAGE][PASSED] - Actual text and expected text of test object 'Object Repository/Page_Writing Tests  Apex Developer/h1_ContentHeader' are matched.

2018-12-09 09:55:03 - [TEST_STEP][PASSED] - if (index == 100): null

2018-12-09 09:55:03 - [TEST_STEP][PASSED] - (index++): null

2018-12-09 09:55:03 - [TEST_STEP][PASSED] - contentSize = xpath("(//div[@class='toc-container']/following::span[contains(@class,'ng-binding ng-scope')])")).size(): null

2018-12-09 09:55:03 - [TEST_STEP][PASSED] - element = findWebElement(findTestObject("Page_Writing Tests  Apex Developer/ContentLinks", ["x":index]), 30): null

2018-12-09 09:55:03 - [TEST_STEP][PASSED] - scrollToElement(findTestObject("Page_Writing Tests  Apex Developer/ContentLinks", ["x":index]), 10, CONTINUE_ON_FAILURE): Scroll to object 'Object Repository/Page_Writing Tests  Apex Developer/ContentLinks' successfully

2018-12-09 09:55:03 - [MESSAGE][PASSED] - Scroll to object 'Object Repository/Page_Writing Tests  Apex Developer/ContentLinks' successfully

2018-12-09 09:55:03 - [TEST_STEP][PASSED] - contentLinkText = getText(findTestObject("Page_Writing Tests  Apex Developer/ContentLinks", ["x":index]), CONTINUE_ON_FAILURE): Text of object 'Object Repository/Page_Writing Tests  Apex Developer/ContentLinks' is: 'What is the Apex Development Process?'

2018-12-09 09:55:03 - [MESSAGE][PASSED] - Text of object 'Object Repository/Page_Writing Tests  Apex Developer/ContentLinks' is: 'What is the Apex Development Process?'

2018-12-09 09:55:03 - [TEST_STEP][PASSED] - click(findTestObject("Page_Writing Tests  Apex Developer/ContentLinks", ["x":index]), CONTINUE_ON_FAILURE): Object: 'Object Repository/Page_Writing Tests  Apex Developer/ContentLinks' is clicked on

2018-12-09 09:55:03 - [MESSAGE][PASSED] - Object: 'Object Repository/Page_Writing Tests  Apex Developer/ContentLinks' is clicked on

2018-12-09 09:55:03 - [TEST_STEP][PASSED] - delay(1, CONTINUE_ON_FAILURE): Delayed 1 second(s)

2018-12-09 09:55:04 - [MESSAGE][PASSED] - Delayed 1 second(s)

2018-12-09 09:55:04 - [TEST_STEP][PASSED] - header = getText(findTestObject("Page_Writing Tests  Apex Developer/h1_ContentHeader"), CONTINUE_ON_FAILURE): Text of object 'Object Repository/Page_Writing Tests  Apex Developer/h1_ContentHeader' is: 'What is the Apex Development Process?'

2018-12-09 09:55:04 - [MESSAGE][PASSED] - Text of object 'Object Repository/Page_Writing Tests  Apex Developer/h1_ContentHeader' is: 'What is the Apex Development Process?'

2018-12-09 09:55:04 - [TEST_STEP][PASSED] - scrollToElement(findTestObject("Page_Writing Tests  Apex Developer/h1_ContentHeader"), 10, CONTINUE_ON_FAILURE): Scroll to object 'Object Repository/Page_Writing Tests  Apex Developer/h1_ContentHeader' successfully

2018-12-09 09:55:04 - [MESSAGE][PASSED] - Scroll to object 'Object Repository/Page_Writing Tests  Apex Developer/h1_ContentHeader' successfully

2018-12-09 09:55:04 - [TEST_STEP][PASSED] - verifyElementText(findTestObject("Page_Writing Tests  Apex Developer/h1_ContentHeader"), contentLinkText, CONTINUE_ON_FAILURE): Actual text and expected text of test object 'Object Repository/Page_Writing Tests  Apex Developer/h1_ContentHeader' are matched.

2018-12-09 09:55:04 - [MESSAGE][PASSED] - Actual text and expected text of test object 'Object Repository/Page_Writing Tests  Apex Developer/h1_ContentHeader' are matched.

2018-12-09 09:55:04 - [TEST_STEP][PASSED] - if (index == 100): null

2018-12-09 09:55:04 - [TEST_STEP][PASSED] - (index++): null

2018-12-09 09:55:04 - [TEST_STEP][PASSED] - contentSize = xpath("(//div[@class='toc-container']/following::span[contains(@class,'ng-binding ng-scope')])")).size(): null

2018-12-09 09:55:04 - [TEST_STEP][PASSED] - element = findWebElement(findTestObject("Page_Writing Tests  Apex Developer/ContentLinks", ["x":index]), 30): null

2018-12-09 09:55:04 - [TEST_STEP][PASSED] - scrollToElement(findTestObject("Page_Writing Tests  Apex Developer/ContentLinks", ["x":index]), 10, CONTINUE_ON_FAILURE): Scroll to object 'Object Repository/Page_Writing Tests  Apex Developer/ContentLinks' successfully

2018-12-09 09:55:04 - [MESSAGE][PASSED] - Scroll to object 'Object Repository/Page_Writing Tests  Apex Developer/ContentLinks' successfully

2018-12-09 09:55:04 - [TEST_STEP][PASSED] - contentLinkText = getText(findTestObject("Page_Writing Tests  Apex Developer/ContentLinks", ["x":index]), CONTINUE_ON_FAILURE): Text of object 'Object Repository/Page_Writing Tests  Apex Developer/ContentLinks' is: 'Create a Developer or Sandbox Org'

2018-12-09 09:55:05 - [MESSAGE][PASSED] - Text of object 'Object Repository/Page_Writing Tests  Apex Developer/ContentLinks' is: 'Create a Developer or Sandbox Org'

2018-12-09 09:55:05 - [TEST_STEP][PASSED] - click(findTestObject("Page_Writing Tests  Apex Developer/ContentLinks", ["x":index]), CONTINUE_ON_FAILURE): Object: 'Object Repository/Page_Writing Tests  Apex Developer/ContentLinks' is clicked on

2018-12-09 09:55:05 - [MESSAGE][PASSED] - Object: 'Object Repository/Page_Writing Tests  Apex Developer/ContentLinks' is clicked on

2018-12-09 09:55:05 - [TEST_STEP][PASSED] - delay(1, CONTINUE_ON_FAILURE): Delayed 1 second(s)

2018-12-09 09:55:06 - [MESSAGE][PASSED] - Delayed 1 second(s)

2018-12-09 09:55:06 - [TEST_STEP][PASSED] - header = getText(findTestObject("Page_Writing Tests  Apex Developer/h1_ContentHeader"), CONTINUE_ON_FAILURE): Text of object 'Object Repository/Page_Writing Tests  Apex Developer/h1_ContentHeader' is: 'Create a Developer or Sandbox Org'

2018-12-09 09:55:06 - [MESSAGE][PASSED] - Text of object 'Object Repository/Page_Writing Tests  Apex Developer/h1_ContentHeader' is: 'Create a Developer or Sandbox Org'

2018-12-09 09:55:06 - [TEST_STEP][PASSED] - scrollToElement(findTestObject("Page_Writing Tests  Apex Developer/h1_ContentHeader"), 10, CONTINUE_ON_FAILURE): Scroll to object 'Object Repository/Page_Writing Tests  Apex Developer/h1_ContentHeader' successfully

2018-12-09 09:55:06 - [MESSAGE][PASSED] - Scroll to object 'Object Repository/Page_Writing Tests  Apex Developer/h1_ContentHeader' successfully

2018-12-09 09:55:06 - [TEST_STEP][PASSED] - verifyElementText(findTestObject("Page_Writing Tests  Apex Developer/h1_ContentHeader"), contentLinkText, CONTINUE_ON_FAILURE): Actual text and expected text of test object 'Object Repository/Page_Writing Tests  Apex Developer/h1_ContentHeader' are matched.

2018-12-09 09:55:06 - [MESSAGE][PASSED] - Actual text and expected text of test object 'Object Repository/Page_Writing Tests  Apex Developer/h1_ContentHeader' are matched.

2018-12-09 09:55:06 - [TEST_STEP][PASSED] - if (index == 100): null

2018-12-09 09:55:06 - [TEST_STEP][PASSED] - (index++): null

2018-12-09 09:55:06 - [TEST_STEP][PASSED] - contentSize = xpath("(//div[@class='toc-container']/following::span[contains(@class,'ng-binding ng-scope')])")).size(): null

2018-12-09 09:55:06 - [TEST_STEP][PASSED] - element = findWebElement(findTestObject("Page_Writing Tests  Apex Developer/ContentLinks", ["x":index]), 30): null

2018-12-09 09:55:06 - [TEST_STEP][PASSED] - scrollToElement(findTestObject("Page_Writing Tests  Apex Developer/ContentLinks", ["x":index]), 10, CONTINUE_ON_FAILURE): Scroll to object 'Object Repository/Page_Writing Tests  Apex Developer/ContentLinks' successfully

2018-12-09 09:55:06 - [MESSAGE][PASSED] - Scroll to object 'Object Repository/Page_Writing Tests  Apex Developer/ContentLinks' successfully

2018-12-09 09:55:06 - [TEST_STEP][PASSED] - contentLinkText = getText(findTestObject("Page_Writing Tests  Apex Developer/ContentLinks", ["x":index]), CONTINUE_ON_FAILURE): Text of object 'Object Repository/Page_Writing Tests  Apex Developer/ContentLinks' is: 'Learning Apex'

2018-12-09 09:55:06 - [MESSAGE][PASSED] - Text of object 'Object Repository/Page_Writing Tests  Apex Developer/ContentLinks' is: 'Learning Apex'

2018-12-09 09:55:06 - [TEST_STEP][PASSED] - click(findTestObject("Page_Writing Tests  Apex Developer/ContentLinks", ["x":index]), CONTINUE_ON_FAILURE): Object: 'Object Repository/Page_Writing Tests  Apex Developer/ContentLinks' is clicked on

2018-12-09 09:55:06 - [MESSAGE][PASSED] - Object: 'Object Repository/Page_Writing Tests  Apex Developer/ContentLinks' is clicked on

2018-12-09 09:55:06 - [TEST_STEP][PASSED] - delay(1, CONTINUE_ON_FAILURE): Delayed 1 second(s)

2018-12-09 09:55:07 - [MESSAGE][PASSED] - Delayed 1 second(s)

2018-12-09 09:55:07 - [TEST_STEP][PASSED] - header = getText(findTestObject("Page_Writing Tests  Apex Developer/h1_ContentHeader"), CONTINUE_ON_FAILURE): Text of object 'Object Repository/Page_Writing Tests  Apex Developer/h1_ContentHeader' is: 'Learning Apex'

2018-12-09 09:55:07 - [MESSAGE][PASSED] - Text of object 'Object Repository/Page_Writing Tests  Apex Developer/h1_ContentHeader' is: 'Learning Apex'

2018-12-09 09:55:07 - [TEST_STEP][PASSED] - scrollToElement(findTestObject("Page_Writing Tests  Apex Developer/h1_ContentHeader"), 10, CONTINUE_ON_FAILURE): Scroll to object 'Object Repository/Page_Writing Tests  Apex Developer/h1_ContentHeader' successfully

2018-12-09 09:55:07 - [MESSAGE][PASSED] - Scroll to object 'Object Repository/Page_Writing Tests  Apex Developer/h1_ContentHeader' successfully

2018-12-09 09:55:07 - [TEST_STEP][PASSED] - verifyElementText(findTestObject("Page_Writing Tests  Apex Developer/h1_ContentHeader"), contentLinkText, CONTINUE_ON_FAILURE): Actual text and expected text of test object 'Object Repository/Page_Writing Tests  Apex Developer/h1_ContentHeader' are matched.

2018-12-09 09:55:07 - [MESSAGE][PASSED] - Actual text and expected text of test object 'Object Repository/Page_Writing Tests  Apex Developer/h1_ContentHeader' are matched.

2018-12-09 09:55:07 - [TEST_STEP][PASSED] - if (index == 100): null

2018-12-09 09:55:07 - [TEST_STEP][PASSED] - (index++): null

2018-12-09 09:55:07 - [TEST_STEP][PASSED] - contentSize = xpath("(//div[@class='toc-container']/following::span[contains(@class,'ng-binding ng-scope')])")).size(): null

2018-12-09 09:55:07 - [TEST_STEP][PASSED] - element = findWebElement(findTestObject("Page_Writing Tests  Apex Developer/ContentLinks", ["x":index]), 30): null

2018-12-09 09:55:07 - [TEST_STEP][PASSED] - scrollToElement(findTestObject("Page_Writing Tests  Apex Developer/ContentLinks", ["x":index]), 10, CONTINUE_ON_FAILURE): Scroll to object 'Object Repository/Page_Writing Tests  Apex Developer/ContentLinks' successfully

2018-12-09 09:55:07 - [MESSAGE][PASSED] - Scroll to object 'Object Repository/Page_Writing Tests  Apex Developer/ContentLinks' successfully

2018-12-09 09:55:07 - [TEST_STEP][PASSED] - contentLinkText = getText(findTestObject("Page_Writing Tests  Apex Developer/ContentLinks", ["x":index]), CONTINUE_ON_FAILURE): Text of object 'Object Repository/Page_Writing Tests  Apex Developer/ContentLinks' is: 'Writing Apex Using Development Environments'

2018-12-09 09:55:08 - [MESSAGE][PASSED] - Text of object 'Object Repository/Page_Writing Tests  Apex Developer/ContentLinks' is: 'Writing Apex Using Development Environments'

2018-12-09 09:55:08 - [TEST_STEP][PASSED] - click(findTestObject("Page_Writing Tests  Apex Developer/ContentLinks", ["x":index]), CONTINUE_ON_FAILURE): Object: 'Object Repository/Page_Writing Tests  Apex Developer/ContentLinks' is clicked on

2018-12-09 09:55:08 - [MESSAGE][PASSED] - Object: 'Object Repository/Page_Writing Tests  Apex Developer/ContentLinks' is clicked on

2018-12-09 09:55:08 - [TEST_STEP][PASSED] - delay(1, CONTINUE_ON_FAILURE): Delayed 1 second(s)

2018-12-09 09:55:09 - [MESSAGE][PASSED] - Delayed 1 second(s)

2018-12-09 09:55:09 - [TEST_STEP][PASSED] - header = getText(findTestObject("Page_Writing Tests  Apex Developer/h1_ContentHeader"), CONTINUE_ON_FAILURE): Text of object 'Object Repository/Page_Writing Tests  Apex Developer/h1_ContentHeader' is: 'Writing Apex Using Development Environments'

2018-12-09 09:55:09 - [MESSAGE][PASSED] - Text of object 'Object Repository/Page_Writing Tests  Apex Developer/h1_ContentHeader' is: 'Writing Apex Using Development Environments'

2018-12-09 09:55:09 - [TEST_STEP][PASSED] - scrollToElement(findTestObject("Page_Writing Tests  Apex Developer/h1_ContentHeader"), 10, CONTINUE_ON_FAILURE): Scroll to object 'Object Repository/Page_Writing Tests  Apex Developer/h1_ContentHeader' successfully

2018-12-09 09:55:09 - [MESSAGE][PASSED] - Scroll to object 'Object Repository/Page_Writing Tests  Apex Developer/h1_ContentHeader' successfully

2018-12-09 09:55:09 - [TEST_STEP][PASSED] - verifyElementText(findTestObject("Page_Writing Tests  Apex Developer/h1_ContentHeader"), contentLinkText, CONTINUE_ON_FAILURE): Actual text and expected text of test object 'Object Repository/Page_Writing Tests  Apex Developer/h1_ContentHeader' are matched.

2018-12-09 09:55:09 - [MESSAGE][PASSED] - Actual text and expected text of test object 'Object Repository/Page_Writing Tests  Apex Developer/h1_ContentHeader' are matched.

2018-12-09 09:55:09 - [TEST_STEP][PASSED] - if (index == 100): null

2018-12-09 09:55:09 - [TEST_STEP][PASSED] - (index++): null

2018-12-09 09:55:09 - [TEST_STEP][PASSED] - contentSize = xpath("(//div[@class='toc-container']/following::span[contains(@class,'ng-binding ng-scope')])")).size(): null

2018-12-09 09:55:09 - [TEST_STEP][PASSED] - element = findWebElement(findTestObject("Page_Writing Tests  Apex Developer/ContentLinks", ["x":index]), 30): null

2018-12-09 09:55:09 - [TEST_STEP][PASSED] - scrollToElement(findTestObject("Page_Writing Tests  Apex Developer/ContentLinks", ["x":index]), 10, CONTINUE_ON_FAILURE): Scroll to object 'Object Repository/Page_Writing Tests  Apex Developer/ContentLinks' successfully

2018-12-09 09:55:09 - [MESSAGE][PASSED] - Scroll to object 'Object Repository/Page_Writing Tests  Apex Developer/ContentLinks' successfully

2018-12-09 09:55:09 - [TEST_STEP][PASSED] - contentLinkText = getText(findTestObject("Page_Writing Tests  Apex Developer/ContentLinks", ["x":index]), CONTINUE_ON_FAILURE): Text of object 'Object Repository/Page_Writing Tests  Apex Developer/ContentLinks' is: 'Writing Tests'

2018-12-09 09:55:09 - [MESSAGE][PASSED] - Text of object 'Object Repository/Page_Writing Tests  Apex Developer/ContentLinks' is: 'Writing Tests'

2018-12-09 09:55:09 - [TEST_STEP][PASSED] - click(findTestObject("Page_Writing Tests  Apex Developer/ContentLinks", ["x":index]), CONTINUE_ON_FAILURE): Object: 'Object Repository/Page_Writing Tests  Apex Developer/ContentLinks' is clicked on

2018-12-09 09:55:09 - [MESSAGE][PASSED] - Object: 'Object Repository/Page_Writing Tests  Apex Developer/ContentLinks' is clicked on

2018-12-09 09:55:09 - [TEST_STEP][PASSED] - delay(1, CONTINUE_ON_FAILURE): Delayed 1 second(s)

2018-12-09 09:55:10 - [MESSAGE][PASSED] - Delayed 1 second(s)

2018-12-09 09:55:10 - [TEST_STEP][PASSED] - header = getText(findTestObject("Page_Writing Tests  Apex Developer/h1_ContentHeader"), CONTINUE_ON_FAILURE): Text of object 'Object Repository/Page_Writing Tests  Apex Developer/h1_ContentHeader' is: 'Writing Tests'

2018-12-09 09:55:10 - [MESSAGE][PASSED] - Text of object 'Object Repository/Page_Writing Tests  Apex Developer/h1_ContentHeader' is: 'Writing Tests'

2018-12-09 09:55:10 - [TEST_STEP][PASSED] - scrollToElement(findTestObject("Page_Writing Tests  Apex Developer/h1_ContentHeader"), 10, CONTINUE_ON_FAILURE): Scroll to object 'Object Repository/Page_Writing Tests  Apex Developer/h1_ContentHeader' successfully

2018-12-09 09:55:10 - [MESSAGE][PASSED] - Scroll to object 'Object Repository/Page_Writing Tests  Apex Developer/h1_ContentHeader' successfully

2018-12-09 09:55:10 - [TEST_STEP][PASSED] - verifyElementText(findTestObject("Page_Writing Tests  Apex Developer/h1_ContentHeader"), contentLinkText, CONTINUE_ON_FAILURE): Actual text and expected text of test object 'Object Repository/Page_Writing Tests  Apex Developer/h1_ContentHeader' are matched.

2018-12-09 09:55:10 - [MESSAGE][PASSED] - Actual text and expected text of test object 'Object Repository/Page_Writing Tests  Apex Developer/h1_ContentHeader' are matched.

2018-12-09 09:55:10 - [TEST_STEP][PASSED] - if (index == 100): null

2018-12-09 09:55:10 - [TEST_STEP][PASSED] - (index++): null

2018-12-09 09:55:10 - [TEST_STEP][PASSED] - contentSize = xpath("(//div[@class='toc-container']/following::span[contains(@class,'ng-binding ng-scope')])")).size(): null

2018-12-09 09:55:10 - [TEST_STEP][PASSED] - element = findWebElement(findTestObject("Page_Writing Tests  Apex Developer/ContentLinks", ["x":index]), 30): null

2018-12-09 09:55:10 - [TEST_STEP][PASSED] - scrollToElement(findTestObject("Page_Writing Tests  Apex Developer/ContentLinks", ["x":index]), 10, CONTINUE_ON_FAILURE): Scroll to object 'Object Repository/Page_Writing Tests  Apex Developer/ContentLinks' successfully

2018-12-09 09:55:10 - [MESSAGE][PASSED] - Scroll to object 'Object Repository/Page_Writing Tests  Apex Developer/ContentLinks' successfully

2018-12-09 09:55:10 - [TEST_STEP][PASSED] - contentLinkText = getText(findTestObject("Page_Writing Tests  Apex Developer/ContentLinks", ["x":index]), CONTINUE_ON_FAILURE): Text of object 'Object Repository/Page_Writing Tests  Apex Developer/ContentLinks' is: 'Deploying Apex to a Sandbox Organization'

2018-12-09 09:55:10 - [MESSAGE][PASSED] - Text of object 'Object Repository/Page_Writing Tests  Apex Developer/ContentLinks' is: 'Deploying Apex to a Sandbox Organization'

2018-12-09 09:55:10 - [TEST_STEP][PASSED] - click(findTestObject("Page_Writing Tests  Apex Developer/ContentLinks", ["x":index]), CONTINUE_ON_FAILURE): Object: 'Object Repository/Page_Writing Tests  Apex Developer/ContentLinks' is clicked on

2018-12-09 09:55:11 - [MESSAGE][PASSED] - Object: 'Object Repository/Page_Writing Tests  Apex Developer/ContentLinks' is clicked on

2018-12-09 09:55:11 - [TEST_STEP][PASSED] - delay(1, CONTINUE_ON_FAILURE): Delayed 1 second(s)

2018-12-09 09:55:12 - [MESSAGE][PASSED] - Delayed 1 second(s)

2018-12-09 09:55:12 - [TEST_STEP][PASSED] - header = getText(findTestObject("Page_Writing Tests  Apex Developer/h1_ContentHeader"), CONTINUE_ON_FAILURE): Text of object 'Object Repository/Page_Writing Tests  Apex Developer/h1_ContentHeader' is: 'Deploying Apex to a Sandbox Organization'

2018-12-09 09:55:12 - [MESSAGE][PASSED] - Text of object 'Object Repository/Page_Writing Tests  Apex Developer/h1_ContentHeader' is: 'Deploying Apex to a Sandbox Organization'

2018-12-09 09:55:12 - [TEST_STEP][PASSED] - scrollToElement(findTestObject("Page_Writing Tests  Apex Developer/h1_ContentHeader"), 10, CONTINUE_ON_FAILURE): Scroll to object 'Object Repository/Page_Writing Tests  Apex Developer/h1_ContentHeader' successfully

2018-12-09 09:55:12 - [MESSAGE][PASSED] - Scroll to object 'Object Repository/Page_Writing Tests  Apex Developer/h1_ContentHeader' successfully

2018-12-09 09:55:12 - [TEST_STEP][PASSED] - verifyElementText(findTestObject("Page_Writing Tests  Apex Developer/h1_ContentHeader"), contentLinkText, CONTINUE_ON_FAILURE): Actual text and expected text of test object 'Object Repository/Page_Writing Tests  Apex Developer/h1_ContentHeader' are matched.

2018-12-09 09:55:12 - [MESSAGE][PASSED] - Actual text and expected text of test object 'Object Repository/Page_Writing Tests  Apex Developer/h1_ContentHeader' are matched.

2018-12-09 09:55:12 - [TEST_STEP][PASSED] - if (index == 100): null

2018-12-09 09:55:12 - [TEST_STEP][PASSED] - (index++): null

2018-12-09 09:55:12 - [TEST_STEP][PASSED] - contentSize = xpath("(//div[@class='toc-container']/following::span[contains(@class,'ng-binding ng-scope')])")).size(): null

2018-12-09 09:55:12 - [TEST_STEP][PASSED] - element = findWebElement(findTestObject("Page_Writing Tests  Apex Developer/ContentLinks", ["x":index]), 30): null

2018-12-09 09:55:12 - [TEST_STEP][PASSED] - scrollToElement(findTestObject("Page_Writing Tests  Apex Developer/ContentLinks", ["x":index]), 10, CONTINUE_ON_FAILURE): Scroll to object 'Object Repository/Page_Writing Tests  Apex Developer/ContentLinks' successfully

2018-12-09 09:55:12 - [MESSAGE][PASSED] - Scroll to object 'Object Repository/Page_Writing Tests  Apex Developer/ContentLinks' successfully

2018-12-09 09:55:12 - [TEST_STEP][PASSED] - contentLinkText = getText(findTestObject("Page_Writing Tests  Apex Developer/ContentLinks", ["x":index]), CONTINUE_ON_FAILURE): Text of object 'Object Repository/Page_Writing Tests  Apex Developer/ContentLinks' is: 'Deploying Apex to a Salesforce Production Organization'

2018-12-09 09:55:12 - [MESSAGE][PASSED] - Text of object 'Object Repository/Page_Writing Tests  Apex Developer/ContentLinks' is: 'Deploying Apex to a Salesforce Production Organization'

2018-12-09 09:55:12 - [TEST_STEP][PASSED] - click(findTestObject("Page_Writing Tests  Apex Developer/ContentLinks", ["x":index]), CONTINUE_ON_FAILURE): Object: 'Object Repository/Page_Writing Tests  Apex Developer/ContentLinks' is clicked on

2018-12-09 09:55:12 - [MESSAGE][PASSED] - Object: 'Object Repository/Page_Writing Tests  Apex Developer/ContentLinks' is clicked on

2018-12-09 09:55:12 - [TEST_STEP][PASSED] - delay(1, CONTINUE_ON_FAILURE): Delayed 1 second(s)

2018-12-09 09:55:13 - [MESSAGE][PASSED] - Delayed 1 second(s)

2018-12-09 09:55:13 - [TEST_STEP][PASSED] - header = getText(findTestObject("Page_Writing Tests  Apex Developer/h1_ContentHeader"), CONTINUE_ON_FAILURE): Text of object 'Object Repository/Page_Writing Tests  Apex Developer/h1_ContentHeader' is: 'Deploying Apex to a Salesforce Production Organization'

2018-12-09 09:55:13 - [MESSAGE][PASSED] - Text of object 'Object Repository/Page_Writing Tests  Apex Developer/h1_ContentHeader' is: 'Deploying Apex to a Salesforce Production Organization'

2018-12-09 09:55:13 - [TEST_STEP][PASSED] - scrollToElement(findTestObject("Page_Writing Tests  Apex Developer/h1_ContentHeader"), 10, CONTINUE_ON_FAILURE): Scroll to object 'Object Repository/Page_Writing Tests  Apex Developer/h1_ContentHeader' successfully

2018-12-09 09:55:13 - [MESSAGE][PASSED] - Scroll to object 'Object Repository/Page_Writing Tests  Apex Developer/h1_ContentHeader' successfully

2018-12-09 09:55:13 - [TEST_STEP][PASSED] - verifyElementText(findTestObject("Page_Writing Tests  Apex Developer/h1_ContentHeader"), contentLinkText, CONTINUE_ON_FAILURE): Actual text and expected text of test object 'Object Repository/Page_Writing Tests  Apex Developer/h1_ContentHeader' are matched.

2018-12-09 09:55:13 - [MESSAGE][PASSED] - Actual text and expected text of test object 'Object Repository/Page_Writing Tests  Apex Developer/h1_ContentHeader' are matched.

2018-12-09 09:55:13 - [TEST_STEP][PASSED] - if (index == 100): null

2018-12-09 09:55:13 - [TEST_STEP][PASSED] - (index++): null

2018-12-09 09:55:13 - [TEST_STEP][PASSED] - contentSize = xpath("(//div[@class='toc-container']/following::span[contains(@class,'ng-binding ng-scope')])")).size(): null

2018-12-09 09:55:13 - [TEST_STEP][PASSED] - element = findWebElement(findTestObject("Page_Writing Tests  Apex Developer/ContentLinks", ["x":index]), 30): null

2018-12-09 09:55:13 - [TEST_STEP][PASSED] - scrollToElement(findTestObject("Page_Writing Tests  Apex Developer/ContentLinks", ["x":index]), 10, CONTINUE_ON_FAILURE): Scroll to object 'Object Repository/Page_Writing Tests  Apex Developer/ContentLinks' successfully

2018-12-09 09:55:13 - [MESSAGE][PASSED] - Scroll to object 'Object Repository/Page_Writing Tests  Apex Developer/ContentLinks' successfully

2018-12-09 09:55:13 - [TEST_STEP][PASSED] - contentLinkText = getText(findTestObject("Page_Writing Tests  Apex Developer/ContentLinks", ["x":index]), CONTINUE_ON_FAILURE): Text of object 'Object Repository/Page_Writing Tests  Apex Developer/ContentLinks' is: 'Adding Apex Code to a AppExchange App'

2018-12-09 09:55:13 - [MESSAGE][PASSED] - Text of object 'Object Repository/Page_Writing Tests  Apex Developer/ContentLinks' is: 'Adding Apex Code to a AppExchange App'

2018-12-09 09:55:13 - [TEST_STEP][PASSED] - click(findTestObject("Page_Writing Tests  Apex Developer/ContentLinks", ["x":index]), CONTINUE_ON_FAILURE): Object: 'Object Repository/Page_Writing Tests  Apex Developer/ContentLinks' is clicked on

2018-12-09 09:55:14 - [MESSAGE][PASSED] - Object: 'Object Repository/Page_Writing Tests  Apex Developer/ContentLinks' is clicked on

2018-12-09 09:55:14 - [TEST_STEP][PASSED] - delay(1, CONTINUE_ON_FAILURE): Delayed 1 second(s)

2018-12-09 09:55:15 - [MESSAGE][PASSED] - Delayed 1 second(s)

2018-12-09 09:55:15 - [TEST_STEP][PASSED] - header = getText(findTestObject("Page_Writing Tests  Apex Developer/h1_ContentHeader"), CONTINUE_ON_FAILURE): Text of object 'Object Repository/Page_Writing Tests  Apex Developer/h1_ContentHeader' is: 'Adding Apex Code to a AppExchange App'

2018-12-09 09:55:15 - [MESSAGE][PASSED] - Text of object 'Object Repository/Page_Writing Tests  Apex Developer/h1_ContentHeader' is: 'Adding Apex Code to a AppExchange App'

2018-12-09 09:55:15 - [TEST_STEP][PASSED] - scrollToElement(findTestObject("Page_Writing Tests  Apex Developer/h1_ContentHeader"), 10, CONTINUE_ON_FAILURE): Scroll to object 'Object Repository/Page_Writing Tests  Apex Developer/h1_ContentHeader' successfully

2018-12-09 09:55:15 - [MESSAGE][PASSED] - Scroll to object 'Object Repository/Page_Writing Tests  Apex Developer/h1_ContentHeader' successfully

2018-12-09 09:55:15 - [TEST_STEP][PASSED] - verifyElementText(findTestObject("Page_Writing Tests  Apex Developer/h1_ContentHeader"), contentLinkText, CONTINUE_ON_FAILURE): Actual text and expected text of test object 'Object Repository/Page_Writing Tests  Apex Developer/h1_ContentHeader' are matched.

2018-12-09 09:55:15 - [MESSAGE][PASSED] - Actual text and expected text of test object 'Object Repository/Page_Writing Tests  Apex Developer/h1_ContentHeader' are matched.

2018-12-09 09:55:15 - [TEST_STEP][PASSED] - if (index == 100): null

2018-12-09 09:55:15 - [TEST_STEP][PASSED] - (index++): null

2018-12-09 09:55:15 - [TEST_STEP][PASSED] - contentSize = xpath("(//div[@class='toc-container']/following::span[contains(@class,'ng-binding ng-scope')])")).size(): null

2018-12-09 09:55:15 - [TEST_STEP][PASSED] - element = findWebElement(findTestObject("Page_Writing Tests  Apex Developer/ContentLinks", ["x":index]), 30): null

2018-12-09 09:55:15 - [TEST_STEP][PASSED] - scrollToElement(findTestObject("Page_Writing Tests  Apex Developer/ContentLinks", ["x":index]), 10, CONTINUE_ON_FAILURE): Scroll to object 'Object Repository/Page_Writing Tests  Apex Developer/ContentLinks' successfully

2018-12-09 09:55:15 - [MESSAGE][PASSED] - Scroll to object 'Object Repository/Page_Writing Tests  Apex Developer/ContentLinks' successfully

2018-12-09 09:55:15 - [TEST_STEP][PASSED] - contentLinkText = getText(findTestObject("Page_Writing Tests  Apex Developer/ContentLinks", ["x":index]), CONTINUE_ON_FAILURE): Text of object 'Object Repository/Page_Writing Tests  Apex Developer/ContentLinks' is: 'Apex Quick Start'

2018-12-09 09:55:15 - [MESSAGE][PASSED] - Text of object 'Object Repository/Page_Writing Tests  Apex Developer/ContentLinks' is: 'Apex Quick Start'

2018-12-09 09:55:15 - [TEST_STEP][PASSED] - click(findTestObject("Page_Writing Tests  Apex Developer/ContentLinks", ["x":index]), CONTINUE_ON_FAILURE): Object: 'Object Repository/Page_Writing Tests  Apex Developer/ContentLinks' is clicked on

2018-12-09 09:55:15 - [MESSAGE][PASSED] - Object: 'Object Repository/Page_Writing Tests  Apex Developer/ContentLinks' is clicked on

2018-12-09 09:55:15 - [TEST_STEP][PASSED] - delay(1, CONTINUE_ON_FAILURE): Delayed 1 second(s)

2018-12-09 09:55:16 - [MESSAGE][PASSED] - Delayed 1 second(s)

2018-12-09 09:55:16 - [TEST_STEP][PASSED] - header = getText(findTestObject("Page_Writing Tests  Apex Developer/h1_ContentHeader"), CONTINUE_ON_FAILURE): Text of object 'Object Repository/Page_Writing Tests  Apex Developer/h1_ContentHeader' is: 'Apex Quick Start'

2018-12-09 09:55:16 - [MESSAGE][PASSED] - Text of object 'Object Repository/Page_Writing Tests  Apex Developer/h1_ContentHeader' is: 'Apex Quick Start'

2018-12-09 09:55:16 - [TEST_STEP][PASSED] - scrollToElement(findTestObject("Page_Writing Tests  Apex Developer/h1_ContentHeader"), 10, CONTINUE_ON_FAILURE): Scroll to object 'Object Repository/Page_Writing Tests  Apex Developer/h1_ContentHeader' successfully

2018-12-09 09:55:16 - [MESSAGE][PASSED] - Scroll to object 'Object Repository/Page_Writing Tests  Apex Developer/h1_ContentHeader' successfully

2018-12-09 09:55:16 - [TEST_STEP][PASSED] - verifyElementText(findTestObject("Page_Writing Tests  Apex Developer/h1_ContentHeader"), contentLinkText, CONTINUE_ON_FAILURE): Actual text and expected text of test object 'Object Repository/Page_Writing Tests  Apex Developer/h1_ContentHeader' are matched.

2018-12-09 09:55:16 - [MESSAGE][PASSED] - Actual text and expected text of test object 'Object Repository/Page_Writing Tests  Apex Developer/h1_ContentHeader' are matched.

2018-12-09 09:55:16 - [TEST_STEP][PASSED] - if (index == 100): null

2018-12-09 09:55:16 - [TEST_STEP][PASSED] - (index++): null

2018-12-09 09:55:16 - [TEST_STEP][PASSED] - contentSize = xpath("(//div[@class='toc-container']/following::span[contains(@class,'ng-binding ng-scope')])")).size(): null

2018-12-09 09:55:16 - [TEST_STEP][PASSED] - element = findWebElement(findTestObject("Page_Writing Tests  Apex Developer/ContentLinks", ["x":index]), 30): null

2018-12-09 09:55:16 - [TEST_STEP][PASSED] - scrollToElement(findTestObject("Page_Writing Tests  Apex Developer/ContentLinks", ["x":index]), 10, CONTINUE_ON_FAILURE): Scroll to object 'Object Repository/Page_Writing Tests  Apex Developer/ContentLinks' successfully

2018-12-09 09:55:16 - [MESSAGE][PASSED] - Scroll to object 'Object Repository/Page_Writing Tests  Apex Developer/ContentLinks' successfully

2018-12-09 09:55:16 - [TEST_STEP][PASSED] - contentLinkText = getText(findTestObject("Page_Writing Tests  Apex Developer/ContentLinks", ["x":index]), CONTINUE_ON_FAILURE): Text of object 'Object Repository/Page_Writing Tests  Apex Developer/ContentLinks' is: 'Create a Custom Object'

2018-12-09 09:55:16 - [MESSAGE][PASSED] - Text of object 'Object Repository/Page_Writing Tests  Apex Developer/ContentLinks' is: 'Create a Custom Object'

2018-12-09 09:55:16 - [TEST_STEP][PASSED] - click(findTestObject("Page_Writing Tests  Apex Developer/ContentLinks", ["x":index]), CONTINUE_ON_FAILURE): Object: 'Object Repository/Page_Writing Tests  Apex Developer/ContentLinks' is clicked on

2018-12-09 09:55:17 - [MESSAGE][PASSED] - Object: 'Object Repository/Page_Writing Tests  Apex Developer/ContentLinks' is clicked on

2018-12-09 09:55:17 - [TEST_STEP][PASSED] - delay(1, CONTINUE_ON_FAILURE): Delayed 1 second(s)

2018-12-09 09:55:18 - [MESSAGE][PASSED] - Delayed 1 second(s)

2018-12-09 09:55:18 - [TEST_STEP][PASSED] - header = getText(findTestObject("Page_Writing Tests  Apex Developer/h1_ContentHeader"), CONTINUE_ON_FAILURE): Text of object 'Object Repository/Page_Writing Tests  Apex Developer/h1_ContentHeader' is: 'Create a Custom Object'

2018-12-09 09:55:18 - [MESSAGE][PASSED] - Text of object 'Object Repository/Page_Writing Tests  Apex Developer/h1_ContentHeader' is: 'Create a Custom Object'

2018-12-09 09:55:18 - [TEST_STEP][PASSED] - scrollToElement(findTestObject("Page_Writing Tests  Apex Developer/h1_ContentHeader"), 10, CONTINUE_ON_FAILURE): Scroll to object 'Object Repository/Page_Writing Tests  Apex Developer/h1_ContentHeader' successfully

2018-12-09 09:55:18 - [MESSAGE][PASSED] - Scroll to object 'Object Repository/Page_Writing Tests  Apex Developer/h1_ContentHeader' successfully

2018-12-09 09:55:18 - [TEST_STEP][PASSED] - verifyElementText(findTestObject("Page_Writing Tests  Apex Developer/h1_ContentHeader"), contentLinkText, CONTINUE_ON_FAILURE): Actual text and expected text of test object 'Object Repository/Page_Writing Tests  Apex Developer/h1_ContentHeader' are matched.

2018-12-09 09:55:18 - [MESSAGE][PASSED] - Actual text and expected text of test object 'Object Repository/Page_Writing Tests  Apex Developer/h1_ContentHeader' are matched.

2018-12-09 09:55:18 - [TEST_STEP][PASSED] - if (index == 100): null

2018-12-09 09:55:18 - [TEST_STEP][PASSED] - (index++): null

2018-12-09 09:55:18 - [TEST_STEP][PASSED] - contentSize = xpath("(//div[@class='toc-container']/following::span[contains(@class,'ng-binding ng-scope')])")).size(): null

2018-12-09 09:55:18 - [TEST_STEP][PASSED] - element = findWebElement(findTestObject("Page_Writing Tests  Apex Developer/ContentLinks", ["x":index]), 30): null

2018-12-09 09:55:18 - [TEST_STEP][PASSED] - scrollToElement(findTestObject("Page_Writing Tests  Apex Developer/ContentLinks", ["x":index]), 10, CONTINUE_ON_FAILURE): Scroll to object 'Object Repository/Page_Writing Tests  Apex Developer/ContentLinks' successfully

2018-12-09 09:55:18 - [MESSAGE][PASSED] - Scroll to object 'Object Repository/Page_Writing Tests  Apex Developer/ContentLinks' successfully

2018-12-09 09:55:18 - [TEST_STEP][PASSED] - contentLinkText = getText(findTestObject("Page_Writing Tests  Apex Developer/ContentLinks", ["x":index]), CONTINUE_ON_FAILURE): Text of object 'Object Repository/Page_Writing Tests  Apex Developer/ContentLinks' is: 'Adding an Apex Class'

2018-12-09 09:55:18 - [MESSAGE][PASSED] - Text of object 'Object Repository/Page_Writing Tests  Apex Developer/ContentLinks' is: 'Adding an Apex Class'

2018-12-09 09:55:18 - [TEST_STEP][PASSED] - click(findTestObject("Page_Writing Tests  Apex Developer/ContentLinks", ["x":index]), CONTINUE_ON_FAILURE): Object: 'Object Repository/Page_Writing Tests  Apex Developer/ContentLinks' is clicked on

2018-12-09 09:55:18 - [MESSAGE][PASSED] - Object: 'Object Repository/Page_Writing Tests  Apex Developer/ContentLinks' is clicked on

2018-12-09 09:55:18 - [TEST_STEP][PASSED] - delay(1, CONTINUE_ON_FAILURE): Delayed 1 second(s)

2018-12-09 09:55:19 - [MESSAGE][PASSED] - Delayed 1 second(s)

2018-12-09 09:55:19 - [TEST_STEP][PASSED] - header = getText(findTestObject("Page_Writing Tests  Apex Developer/h1_ContentHeader"), CONTINUE_ON_FAILURE): Text of object 'Object Repository/Page_Writing Tests  Apex Developer/h1_ContentHeader' is: 'Adding an Apex Class'

2018-12-09 09:55:19 - [MESSAGE][PASSED] - Text of object 'Object Repository/Page_Writing Tests  Apex Developer/h1_ContentHeader' is: 'Adding an Apex Class'

2018-12-09 09:55:19 - [TEST_STEP][PASSED] - scrollToElement(findTestObject("Page_Writing Tests  Apex Developer/h1_ContentHeader"), 10, CONTINUE_ON_FAILURE): Scroll to object 'Object Repository/Page_Writing Tests  Apex Developer/h1_ContentHeader' successfully

2018-12-09 09:55:19 - [MESSAGE][PASSED] - Scroll to object 'Object Repository/Page_Writing Tests  Apex Developer/h1_ContentHeader' successfully

2018-12-09 09:55:19 - [TEST_STEP][PASSED] - verifyElementText(findTestObject("Page_Writing Tests  Apex Developer/h1_ContentHeader"), contentLinkText, CONTINUE_ON_FAILURE): Actual text and expected text of test object 'Object Repository/Page_Writing Tests  Apex Developer/h1_ContentHeader' are matched.

2018-12-09 09:55:19 - [MESSAGE][PASSED] - Actual text and expected text of test object 'Object Repository/Page_Writing Tests  Apex Developer/h1_ContentHeader' are matched.

2018-12-09 09:55:19 - [TEST_STEP][PASSED] - if (index == 100): null

2018-12-09 09:55:19 - [TEST_STEP][PASSED] - (index++): null

2018-12-09 09:55:19 - [TEST_STEP][PASSED] - contentSize = xpath("(//div[@class='toc-container']/following::span[contains(@class,'ng-binding ng-scope')])")).size(): null

2018-12-09 09:55:19 - [TEST_STEP][PASSED] - element = findWebElement(findTestObject("Page_Writing Tests  Apex Developer/ContentLinks", ["x":index]), 30): null

2018-12-09 09:55:19 - [TEST_STEP][PASSED] - scrollToElement(findTestObject("Page_Writing Tests  Apex Developer/ContentLinks", ["x":index]), 10, CONTINUE_ON_FAILURE): Scroll to object 'Object Repository/Page_Writing Tests  Apex Developer/ContentLinks' successfully

2018-12-09 09:55:19 - [MESSAGE][PASSED] - Scroll to object 'Object Repository/Page_Writing Tests  Apex Developer/ContentLinks' successfully

2018-12-09 09:55:19 - [TEST_STEP][PASSED] - contentLinkText = getText(findTestObject("Page_Writing Tests  Apex Developer/ContentLinks", ["x":index]), CONTINUE_ON_FAILURE): Text of object 'Object Repository/Page_Writing Tests  Apex Developer/ContentLinks' is: 'Add an Apex Trigger'

2018-12-09 09:55:19 - [MESSAGE][PASSED] - Text of object 'Object Repository/Page_Writing Tests  Apex Developer/ContentLinks' is: 'Add an Apex Trigger'

2018-12-09 09:55:19 - [TEST_STEP][PASSED] - click(findTestObject("Page_Writing Tests  Apex Developer/ContentLinks", ["x":index]), CONTINUE_ON_FAILURE): Object: 'Object Repository/Page_Writing Tests  Apex Developer/ContentLinks' is clicked on

2018-12-09 09:55:20 - [MESSAGE][PASSED] - Object: 'Object Repository/Page_Writing Tests  Apex Developer/ContentLinks' is clicked on

2018-12-09 09:55:20 - [TEST_STEP][PASSED] - delay(1, CONTINUE_ON_FAILURE): Delayed 1 second(s)

2018-12-09 09:55:21 - [MESSAGE][PASSED] - Delayed 1 second(s)

2018-12-09 09:55:21 - [TEST_STEP][PASSED] - header = getText(findTestObject("Page_Writing Tests  Apex Developer/h1_ContentHeader"), CONTINUE_ON_FAILURE): Text of object 'Object Repository/Page_Writing Tests  Apex Developer/h1_ContentHeader' is: 'Add an Apex Trigger'

2018-12-09 09:55:21 - [MESSAGE][PASSED] - Text of object 'Object Repository/Page_Writing Tests  Apex Developer/h1_ContentHeader' is: 'Add an Apex Trigger'

2018-12-09 09:55:21 - [TEST_STEP][PASSED] - scrollToElement(findTestObject("Page_Writing Tests  Apex Developer/h1_ContentHeader"), 10, CONTINUE_ON_FAILURE): Scroll to object 'Object Repository/Page_Writing Tests  Apex Developer/h1_ContentHeader' successfully

2018-12-09 09:55:21 - [MESSAGE][PASSED] - Scroll to object 'Object Repository/Page_Writing Tests  Apex Developer/h1_ContentHeader' successfully

2018-12-09 09:55:21 - [TEST_STEP][PASSED] - verifyElementText(findTestObject("Page_Writing Tests  Apex Developer/h1_ContentHeader"), contentLinkText, CONTINUE_ON_FAILURE): Actual text and expected text of test object 'Object Repository/Page_Writing Tests  Apex Developer/h1_ContentHeader' are matched.

2018-12-09 09:55:21 - [MESSAGE][PASSED] - Actual text and expected text of test object 'Object Repository/Page_Writing Tests  Apex Developer/h1_ContentHeader' are matched.

2018-12-09 09:55:21 - [TEST_STEP][PASSED] - if (index == 100): null

2018-12-09 09:55:21 - [TEST_STEP][PASSED] - (index++): null

2018-12-09 09:55:21 - [TEST_STEP][PASSED] - contentSize = xpath("(//div[@class='toc-container']/following::span[contains(@class,'ng-binding ng-scope')])")).size(): null

2018-12-09 09:55:21 - [TEST_STEP][PASSED] - element = findWebElement(findTestObject("Page_Writing Tests  Apex Developer/ContentLinks", ["x":index]), 30): null

2018-12-09 09:55:21 - [TEST_STEP][PASSED] - scrollToElement(findTestObject("Page_Writing Tests  Apex Developer/ContentLinks", ["x":index]), 10, CONTINUE_ON_FAILURE): Scroll to object 'Object Repository/Page_Writing Tests  Apex Developer/ContentLinks' successfully

2018-12-09 09:55:21 - [MESSAGE][PASSED] - Scroll to object 'Object Repository/Page_Writing Tests  Apex Developer/ContentLinks' successfully

2018-12-09 09:55:21 - [TEST_STEP][PASSED] - contentLinkText = getText(findTestObject("Page_Writing Tests  Apex Developer/ContentLinks", ["x":index]), CONTINUE_ON_FAILURE): Text of object 'Object Repository/Page_Writing Tests  Apex Developer/ContentLinks' is: 'Add a Test Class'

2018-12-09 09:55:21 - [MESSAGE][PASSED] - Text of object 'Object Repository/Page_Writing Tests  Apex Developer/ContentLinks' is: 'Add a Test Class'

2018-12-09 09:55:21 - [TEST_STEP][PASSED] - click(findTestObject("Page_Writing Tests  Apex Developer/ContentLinks", ["x":index]), CONTINUE_ON_FAILURE): Object: 'Object Repository/Page_Writing Tests  Apex Developer/ContentLinks' is clicked on

2018-12-09 09:55:21 - [MESSAGE][PASSED] - Object: 'Object Repository/Page_Writing Tests  Apex Developer/ContentLinks' is clicked on

2018-12-09 09:55:21 - [TEST_STEP][PASSED] - delay(1, CONTINUE_ON_FAILURE): Delayed 1 second(s)

2018-12-09 09:55:22 - [MESSAGE][PASSED] - Delayed 1 second(s)

[...]

2018-12-09 10:05:19 - [TEST_STEP][PASSED] - scrollToElement(findTestObject("Page_Writing Tests  Apex Developer/ContentLinks", ["x":index]), 10, CONTINUE_ON_FAILURE): Scroll to object 'Object Repository/Page_Writing Tests  Apex Developer/ContentLinks' successfully

2018-12-09 10:05:19 - [MESSAGE][PASSED] - Scroll to object 'Object Repository/Page_Writing Tests  Apex Developer/ContentLinks' successfully

2018-12-09 10:05:19 - [TEST_STEP][PASSED] - contentLinkText = getText(findTestObject("Page_Writing Tests  Apex Developer/ContentLinks", ["x":index]), CONTINUE_ON_FAILURE): Text of object 'Object Repository/Page_Writing Tests  Apex Developer/ContentLinks' is: 'Differences Between Apex Classes and Java Classes'

2018-12-09 10:05:19 - [MESSAGE][PASSED] - Text of object 'Object Repository/Page_Writing Tests  Apex Developer/ContentLinks' is: 'Differences Between Apex Classes and Java Classes'

2018-12-09 10:05:19 - [TEST_STEP][PASSED] - click(findTestObject("Page_Writing Tests  Apex Developer/ContentLinks", ["x":index]), CONTINUE_ON_FAILURE): Object: 'Object Repository/Page_Writing Tests  Apex Developer/ContentLinks' is clicked on

2018-12-09 10:05:19 - [MESSAGE][PASSED] - Object: 'Object Repository/Page_Writing Tests  Apex Developer/ContentLinks' is clicked on

2018-12-09 10:05:19 - [TEST_STEP][PASSED] - delay(1, CONTINUE_ON_FAILURE): Delayed 1 second(s)

2018-12-09 10:05:20 - [MESSAGE][PASSED] - Delayed 1 second(s)

2018-12-09 10:05:20 - [TEST_STEP][PASSED] - header = getText(findTestObject("Page_Writing Tests  Apex Developer/h1_ContentHeader"), CONTINUE_ON_FAILURE): Text of object 'Object Repository/Page_Writing Tests  Apex Developer/h1_ContentHeader' is: 'Differences Between Apex Classes and Java Classes'

2018-12-09 10:05:20 - [MESSAGE][PASSED] - Text of object 'Object Repository/Page_Writing Tests  Apex Developer/h1_ContentHeader' is: 'Differences Between Apex Classes and Java Classes'

2018-12-09 10:05:20 - [TEST_STEP][PASSED] - scrollToElement(findTestObject("Page_Writing Tests  Apex Developer/h1_ContentHeader"), 10, CONTINUE_ON_FAILURE): Scroll to object 'Object Repository/Page_Writing Tests  Apex Developer/h1_ContentHeader' successfully

2018-12-09 10:05:20 - [MESSAGE][PASSED] - Scroll to object 'Object Repository/Page_Writing Tests  Apex Developer/h1_ContentHeader' successfully

2018-12-09 10:05:20 - [TEST_STEP][PASSED] - verifyElementText(findTestObject("Page_Writing Tests  Apex Developer/h1_ContentHeader"), contentLinkText, CONTINUE_ON_FAILURE): Actual text and expected text of test object 'Object Repository/Page_Writing Tests  Apex Developer/h1_ContentHeader' are matched.

2018-12-09 10:05:20 - [MESSAGE][PASSED] - Actual text and expected text of test object 'Object Repository/Page_Writing Tests  Apex Developer/h1_ContentHeader' are matched.

2018-12-09 10:05:20 - [TEST_STEP][PASSED] - if (index == 100): null

2018-12-09 10:05:20 - [TEST_STEP][PASSED] - (index++): null

2018-12-09 10:05:20 - [TEST_STEP][PASSED] - contentSize = xpath("(//div[@class='toc-container']/following::span[contains(@class,'ng-binding ng-scope')])")).size(): null

2018-12-09 10:05:20 - [TEST_STEP][PASSED] - element = findWebElement(findTestObject("Page_Writing Tests  Apex Developer/ContentLinks", ["x":index]), 30): null

2018-12-09 10:05:20 - [TEST_STEP][PASSED] - scrollToElement(findTestObject("Page_Writing Tests  Apex Developer/ContentLinks", ["x":index]), 10, CONTINUE_ON_FAILURE): Scroll to object 'Object Repository/Page_Writing Tests  Apex Developer/ContentLinks' successfully

2018-12-09 10:05:20 - [MESSAGE][PASSED] - Scroll to object 'Object Repository/Page_Writing Tests  Apex Developer/ContentLinks' successfully

2018-12-09 10:05:20 - [TEST_STEP][PASSED] - contentLinkText = getText(findTestObject("Page_Writing Tests  Apex Developer/ContentLinks", ["x":index]), CONTINUE_ON_FAILURE): Text of object 'Object Repository/Page_Writing Tests  Apex Developer/ContentLinks' is: 'Class Definition Creation'

2018-12-09 10:05:20 - [MESSAGE][PASSED] - Text of object 'Object Repository/Page_Writing Tests  Apex Developer/ContentLinks' is: 'Class Definition Creation'

2018-12-09 10:05:20 - [TEST_STEP][PASSED] - click(findTestObject("Page_Writing Tests  Apex Developer/ContentLinks", ["x":index]), CONTINUE_ON_FAILURE): Object: 'Object Repository/Page_Writing Tests  Apex Developer/ContentLinks' is clicked on

2018-12-09 10:05:20 - [MESSAGE][PASSED] - Object: 'Object Repository/Page_Writing Tests  Apex Developer/ContentLinks' is clicked on

2018-12-09 10:05:20 - [TEST_STEP][PASSED] - delay(1, CONTINUE_ON_FAILURE): Delayed 1 second(s)

2018-12-09 10:05:21 - [MESSAGE][PASSED] - Delayed 1 second(s)

2018-12-09 10:05:21 - [TEST_STEP][PASSED] - header = getText(findTestObject("Page_Writing Tests  Apex Developer/h1_ContentHeader"), CONTINUE_ON_FAILURE): Text of object 'Object Repository/Page_Writing Tests  Apex Developer/h1_ContentHeader' is: 'Class Definition Creation'

2018-12-09 10:05:21 - [MESSAGE][PASSED] - Text of object 'Object Repository/Page_Writing Tests  Apex Developer/h1_ContentHeader' is: 'Class Definition Creation'

2018-12-09 10:05:21 - [TEST_STEP][PASSED] - scrollToElement(findTestObject("Page_Writing Tests  Apex Developer/h1_ContentHeader"), 10, CONTINUE_ON_FAILURE): Scroll to object 'Object Repository/Page_Writing Tests  Apex Developer/h1_ContentHeader' successfully

2018-12-09 10:05:22 - [MESSAGE][PASSED] - Scroll to object 'Object Repository/Page_Writing Tests  Apex Developer/h1_ContentHeader' successfully

2018-12-09 10:05:22 - [TEST_STEP][PASSED] - verifyElementText(findTestObject("Page_Writing Tests  Apex Developer/h1_ContentHeader"), contentLinkText, CONTINUE_ON_FAILURE): Actual text and expected text of test object 'Object Repository/Page_Writing Tests  Apex Developer/h1_ContentHeader' are matched.

2018-12-09 10:05:22 - [MESSAGE][PASSED] - Actual text and expected text of test object 'Object Repository/Page_Writing Tests  Apex Developer/h1_ContentHeader' are matched.

2018-12-09 10:05:22 - [TEST_STEP][PASSED] - if (index == 100): null

2018-12-09 10:05:22 - [TEST_STEP][PASSED] - (index++): null

2018-12-09 10:05:22 - [TEST_STEP][PASSED] - contentSize = xpath("(//div[@class='toc-container']/following::span[contains(@class,'ng-binding ng-scope')])")).size(): null

2018-12-09 10:05:22 - [TEST_STEP][PASSED] - element = findWebElement(findTestObject("Page_Writing Tests  Apex Developer/ContentLinks", ["x":index]), 30): null

2018-12-09 10:05:22 - [TEST_STEP][PASSED] - scrollToElement(findTestObject("Page_Writing Tests  Apex Developer/ContentLinks", ["x":index]), 10, CONTINUE_ON_FAILURE): Scroll to object 'Object Repository/Page_Writing Tests  Apex Developer/ContentLinks' successfully

2018-12-09 10:05:22 - [MESSAGE][PASSED] - Scroll to object 'Object Repository/Page_Writing Tests  Apex Developer/ContentLinks' successfully

2018-12-09 10:05:22 - [TEST_STEP][PASSED] - contentLinkText = getText(findTestObject("Page_Writing Tests  Apex Developer/ContentLinks", ["x":index]), CONTINUE_ON_FAILURE): Text of object 'Object Repository/Page_Writing Tests  Apex Developer/ContentLinks' is: 'Naming Conventions'

2018-12-09 10:05:22 - [MESSAGE][PASSED] - Text of object 'Object Repository/Page_Writing Tests  Apex Developer/ContentLinks' is: 'Naming Conventions'

2018-12-09 10:05:22 - [TEST_STEP][PASSED] - click(findTestObject("Page_Writing Tests  Apex Developer/ContentLinks", ["x":index]), CONTINUE_ON_FAILURE): Object: 'Object Repository/Page_Writing Tests  Apex Developer/ContentLinks' is clicked on

2018-12-09 10:05:22 - [MESSAGE][PASSED] - Object: 'Object Repository/Page_Writing Tests  Apex Developer/ContentLinks' is clicked on

2018-12-09 10:05:22 - [TEST_STEP][PASSED] - delay(1, CONTINUE_ON_FAILURE): Delayed 1 second(s)

2018-12-09 10:05:23 - [MESSAGE][PASSED] - Delayed 1 second(s)

2018-12-09 10:05:23 - [TEST_STEP][PASSED] - header = getText(findTestObject("Page_Writing Tests  Apex Developer/h1_ContentHeader"), CONTINUE_ON_FAILURE): Text of object 'Object Repository/Page_Writing Tests  Apex Developer/h1_ContentHeader' is: 'Naming Conventions'

2018-12-09 10:05:23 - [MESSAGE][PASSED] - Text of object 'Object Repository/Page_Writing Tests  Apex Developer/h1_ContentHeader' is: 'Naming Conventions'

2018-12-09 10:05:23 - [TEST_STEP][PASSED] - scrollToElement(findTestObject("Page_Writing Tests  Apex Developer/h1_ContentHeader"), 10, CONTINUE_ON_FAILURE): Scroll to object 'Object Repository/Page_Writing Tests  Apex Developer/h1_ContentHeader' successfully

2018-12-09 10:05:23 - [MESSAGE][PASSED] - Scroll to object 'Object Repository/Page_Writing Tests  Apex Developer/h1_ContentHeader' successfully

2018-12-09 10:05:23 - [TEST_STEP][PASSED] - verifyElementText(findTestObject("Page_Writing Tests  Apex Developer/h1_ContentHeader"), contentLinkText, CONTINUE_ON_FAILURE): Actual text and expected text of test object 'Object Repository/Page_Writing Tests  Apex Developer/h1_ContentHeader' are matched.

2018-12-09 10:05:23 - [MESSAGE][PASSED] - Actual text and expected text of test object 'Object Repository/Page_Writing Tests  Apex Developer/h1_ContentHeader' are matched.

2018-12-09 10:05:23 - [TEST_STEP][PASSED] - if (index == 100): null

2018-12-09 10:05:23 - [TEST_STEP][PASSED] - (index++): null

2018-12-09 10:05:23 - [TEST_STEP][PASSED] - contentSize = xpath("(//div[@class='toc-container']/following::span[contains(@class,'ng-binding ng-scope')])")).size(): null

2018-12-09 10:05:23 - [TEST_STEP][PASSED] - element = findWebElement(findTestObject("Page_Writing Tests  Apex Developer/ContentLinks", ["x":index]), 30): null

2018-12-09 10:05:23 - [TEST_STEP][PASSED] - scrollToElement(findTestObject("Page_Writing Tests  Apex Developer/ContentLinks", ["x":index]), 10, CONTINUE_ON_FAILURE): Scroll to object 'Object Repository/Page_Writing Tests  Apex Developer/ContentLinks' successfully

2018-12-09 10:05:23 - [MESSAGE][PASSED] - Scroll to object 'Object Repository/Page_Writing Tests  Apex Developer/ContentLinks' successfully

2018-12-09 10:05:23 - [TEST_STEP][PASSED] - contentLinkText = getText(findTestObject("Page_Writing Tests  Apex Developer/ContentLinks", ["x":index]), CONTINUE_ON_FAILURE): Text of object 'Object Repository/Page_Writing Tests  Apex Developer/ContentLinks' is: 'Name Shadowing'

2018-12-09 10:05:23 - [MESSAGE][PASSED] - Text of object 'Object Repository/Page_Writing Tests  Apex Developer/ContentLinks' is: 'Name Shadowing'

2018-12-09 10:05:23 - [TEST_STEP][PASSED] - click(findTestObject("Page_Writing Tests  Apex Developer/ContentLinks", ["x":index]), CONTINUE_ON_FAILURE): Object: 'Object Repository/Page_Writing Tests  Apex Developer/ContentLinks' is clicked on

2018-12-09 10:05:23 - [MESSAGE][PASSED] - Object: 'Object Repository/Page_Writing Tests  Apex Developer/ContentLinks' is clicked on

2018-12-09 10:05:23 - [TEST_STEP][PASSED] - delay(1, CONTINUE_ON_FAILURE): Delayed 1 second(s)

2018-12-09 10:05:24 - [MESSAGE][PASSED] - Delayed 1 second(s)

2018-12-09 10:05:24 - [TEST_STEP][PASSED] - header = getText(findTestObject("Page_Writing Tests  Apex Developer/h1_ContentHeader"), CONTINUE_ON_FAILURE): Text of object 'Object Repository/Page_Writing Tests  Apex Developer/h1_ContentHeader' is: 'Name Shadowing'

2018-12-09 10:05:25 - [MESSAGE][PASSED] - Text of object 'Object Repository/Page_Writing Tests  Apex Developer/h1_ContentHeader' is: 'Name Shadowing'

2018-12-09 10:05:25 - [TEST_STEP][PASSED] - scrollToElement(findTestObject("Page_Writing Tests  Apex Developer/h1_ContentHeader"), 10, CONTINUE_ON_FAILURE): Scroll to object 'Object Repository/Page_Writing Tests  Apex Developer/h1_ContentHeader' successfully

2018-12-09 10:05:25 - [MESSAGE][PASSED] - Scroll to object 'Object Repository/Page_Writing Tests  Apex Developer/h1_ContentHeader' successfully

2018-12-09 10:05:25 - [TEST_STEP][PASSED] - verifyElementText(findTestObject("Page_Writing Tests  Apex Developer/h1_ContentHeader"), contentLinkText, CONTINUE_ON_FAILURE): Actual text and expected text of test object 'Object Repository/Page_Writing Tests  Apex Developer/h1_ContentHeader' are matched.

2018-12-09 10:05:25 - [MESSAGE][PASSED] - Actual text and expected text of test object 'Object Repository/Page_Writing Tests  Apex Developer/h1_ContentHeader' are matched.

2018-12-09 10:05:25 - [TEST_STEP][PASSED] - if (index == 100): null

2018-12-09 10:05:25 - [TEST_STEP][PASSED] - break: null

2018-12-09 10:05:25 - [TEST_STEP][NOT_RUN] - closeBrowser(): NOT_RUN: closeBrowser()

2018-12-09 10:05:25 - [MESSAGE][NOT_RUN] - NOT_RUN: closeBrowser()]]></system-out>
         <system-err><![CDATA[]]></system-err>
      </testcase>
      <testcase name="Test Cases/TC-003" classname="Test Cases/TC-003" status="PASSED">
         <system-out><![CDATA[2018-12-09 10:05:27 - [TEST_CASE][PASSED] - Test Cases/TC-003: Test Cases/TC-003

2018-12-09 10:05:27 - [TEST_STEP][NOT_RUN] - openBrowser(""): NOT_RUN: openBrowser("")

2018-12-09 10:05:27 - [MESSAGE][NOT_RUN] - NOT_RUN: openBrowser("")

2018-12-09 10:05:27 - [TEST_STEP][NOT_RUN] - maximizeWindow(): NOT_RUN: maximizeWindow()

2018-12-09 10:05:27 - [MESSAGE][NOT_RUN] - NOT_RUN: maximizeWindow()

2018-12-09 10:05:27 - [TEST_STEP][NOT_RUN] - navigateToUrl("developer.salesforce.com"): NOT_RUN: navigateToUrl("developer.salesforce.com")

2018-12-09 10:05:27 - [MESSAGE][NOT_RUN] - NOT_RUN: navigateToUrl("developer.salesforce.com")

2018-12-09 10:05:27 - [TEST_STEP][NOT_RUN] - PageTitle = getWindowTitle(): NOT_RUN: PageTitle = getWindowTitle()

2018-12-09 10:05:27 - [MESSAGE][NOT_RUN] - NOT_RUN: PageTitle = getWindowTitle()

2018-12-09 10:05:27 - [TEST_STEP][NOT_RUN] - verifyMatch(PageTitle, "Salesforce Developers | API Documentation, Developer Forums & More", false): NOT_RUN: verifyMatch(PageTitle, "Salesforce Developers | API Documentation, Developer Forums & More", false)

2018-12-09 10:05:27 - [MESSAGE][NOT_RUN] - NOT_RUN: verifyMatch(PageTitle, "Salesforce Developers | API Documentation, Developer Forums & More", false)

2018-12-09 10:05:27 - [TEST_STEP][NOT_RUN] - if (verifyElementPresent(findTestObject("Page_Salesforce Developers  API Doc/GDPR_Div_CloseButton"), 60, OPTIONAL)): NOT_RUN: if (verifyElementPresent(findTestObject("Page_Salesforce Developers  API Doc/GDPR_Div_CloseButton"), 60, OPTIONAL))

2018-12-09 10:05:27 - [MESSAGE][NOT_RUN] - NOT_RUN: if (verifyElementPresent(findTestObject("Page_Salesforce Developers  API Doc/GDPR_Div_CloseButton"), 60, OPTIONAL))

2018-12-09 10:05:27 - [TEST_STEP][PASSED] - waitForElementVisible(findTestObject("Page_Salesforce Developers  API Doc/Search_TextBox"), 60): Object 'Object Repository/Page_Salesforce Developers  API Doc/Search_TextBox' is visible

2018-12-09 10:05:27 - [MESSAGE][PASSED] - Object 'Object Repository/Page_Salesforce Developers  API Doc/Search_TextBox' is visible

2018-12-09 10:05:27 - [TEST_STEP][PASSED] - scrollToElement(findTestObject("Page_Salesforce Developers  API Doc/Search_TextBox"), 60): Scroll to object 'Object Repository/Page_Salesforce Developers  API Doc/Search_TextBox' successfully

2018-12-09 10:05:27 - [MESSAGE][PASSED] - Scroll to object 'Object Repository/Page_Salesforce Developers  API Doc/Search_TextBox' successfully

2018-12-09 10:05:27 - [TEST_STEP][PASSED] - setText(findTestObject("Page_Salesforce Developers  API Doc/Search_TextBox"), "Writing Tests"): Text 'Writing Tests' is set on object 'Object Repository/Page_Salesforce Developers  API Doc/Search_TextBox'

2018-12-09 10:05:28 - [MESSAGE][PASSED] - Text 'Writing Tests' is set on object 'Object Repository/Page_Salesforce Developers  API Doc/Search_TextBox'

2018-12-09 10:05:28 - [TEST_STEP][PASSED] - sendKeys(findTestObject("Page_Salesforce Developers  API Doc/Search_TextBox"), Keys.chord(ENTER)): Keys 'ENTER + ' sent to object: 'Object Repository/Page_Salesforce Developers  API Doc/Search_TextBox'

2018-12-09 10:05:58 - [MESSAGE][PASSED] - Keys 'ENTER + ' sent to object: 'Object Repository/Page_Salesforce Developers  API Doc/Search_TextBox'

2018-12-09 10:05:58 - [TEST_STEP][PASSED] - waitForPageLoad(30, STOP_ON_FAILURE): Wait for page load successfully

2018-12-09 10:05:58 - [MESSAGE][PASSED] - Wait for page load successfully

2018-12-09 10:05:58 - [TEST_STEP][PASSED] - verifyElementPresent(findTestObject("Page_Search/a_Writing Tests  Apex Develope"), 30): Object 'Object Repository/Page_Search/a_Writing Tests  Apex Develope' is present

2018-12-09 10:05:58 - [MESSAGE][PASSED] - Object 'Object Repository/Page_Search/a_Writing Tests  Apex Develope' is present

2018-12-09 10:05:58 - [TEST_STEP][PASSED] - waitForElementClickable(findTestObject("Page_Search/a_Writing Tests  Apex Develope"), 20): Object 'Object Repository/Page_Search/a_Writing Tests  Apex Develope' is clickable

2018-12-09 10:05:58 - [MESSAGE][PASSED] - Object 'Object Repository/Page_Search/a_Writing Tests  Apex Develope' is clickable

2018-12-09 10:05:58 - [TEST_STEP][PASSED] - click(findTestObject("Page_Search/a_Writing Tests  Apex Develope"), STOP_ON_FAILURE): Object: 'Object Repository/Page_Search/a_Writing Tests  Apex Develope' is clicked on

2018-12-09 10:05:58 - [MESSAGE][PASSED] - Object: 'Object Repository/Page_Search/a_Writing Tests  Apex Develope' is clicked on

2018-12-09 10:05:58 - [TEST_STEP][PASSED] - delay(3): Delayed 3 second(s)

2018-12-09 10:06:01 - [MESSAGE][PASSED] - Delayed 3 second(s)

2018-12-09 10:06:01 - [TEST_STEP][PASSED] - scrollToElement(findTestObject("Page_Writing Tests  Apex Developer/a_Testing Apex"), 15): Scroll to object 'Object Repository/Page_Writing Tests  Apex Developer/a_Testing Apex' successfully

2018-12-09 10:06:20 - [MESSAGE][PASSED] - Scroll to object 'Object Repository/Page_Writing Tests  Apex Developer/a_Testing Apex' successfully

2018-12-09 10:06:20 - [TEST_STEP][PASSED] - click(findTestObject("Page_Writing Tests  Apex Developer/a_Testing Apex"), STOP_ON_FAILURE): Object: 'Object Repository/Page_Writing Tests  Apex Developer/a_Testing Apex' is clicked on

2018-12-09 10:06:20 - [MESSAGE][PASSED] - Object: 'Object Repository/Page_Writing Tests  Apex Developer/a_Testing Apex' is clicked on

2018-12-09 10:06:20 - [TEST_STEP][PASSED] - delay(1): Delayed 1 second(s)

2018-12-09 10:06:21 - [MESSAGE][PASSED] - Delayed 1 second(s)

2018-12-09 10:06:21 - [TEST_STEP][PASSED] - header = getText(findTestObject("Page_Writing Tests  Apex Developer/h1_ContentHeader"), CONTINUE_ON_FAILURE): Text of object 'Object Repository/Page_Writing Tests  Apex Developer/h1_ContentHeader' is: 'Testing Apex'

2018-12-09 10:06:22 - [MESSAGE][PASSED] - Text of object 'Object Repository/Page_Writing Tests  Apex Developer/h1_ContentHeader' is: 'Testing Apex'

2018-12-09 10:06:22 - [TEST_STEP][PASSED] - scrollToElement(findTestObject("Page_Writing Tests  Apex Developer/h1_ContentHeader"), 10, CONTINUE_ON_FAILURE): Scroll to object 'Object Repository/Page_Writing Tests  Apex Developer/h1_ContentHeader' successfully

2018-12-09 10:06:22 - [MESSAGE][PASSED] - Scroll to object 'Object Repository/Page_Writing Tests  Apex Developer/h1_ContentHeader' successfully

2018-12-09 10:06:22 - [TEST_STEP][PASSED] - verifyElementText(findTestObject("Page_Writing Tests  Apex Developer/h1_ContentHeader"), "Testing Apex", CONTINUE_ON_FAILURE): Actual text and expected text of test object 'Object Repository/Page_Writing Tests  Apex Developer/h1_ContentHeader' are matched.

2018-12-09 10:06:22 - [MESSAGE][PASSED] - Actual text and expected text of test object 'Object Repository/Page_Writing Tests  Apex Developer/h1_ContentHeader' are matched.

2018-12-09 10:06:22 - [TEST_STEP][PASSED] - closeBrowser(): Browser is closed

2018-12-09 10:06:22 - [MESSAGE][PASSED] - Browser is closed]]></system-out>
         <system-err><![CDATA[]]></system-err>
      </testcase>
      <system-out><![CDATA[2018-12-09 09:54:20 - [TEST_SUITE][PASSED] - SFDC-TestSuite: Test Cases/TC-003]]></system-out>
      <system-err><![CDATA[]]></system-err>
   </testsuite>
</testsuites>
